{"numTotalTestSuites":552,"numPassedTestSuites":552,"numFailedTestSuites":0,"numPendingTestSuites":0,"numTotalTests":1457,"numPassedTests":1457,"numFailedTests":0,"numPendingTests":0,"numTodoTests":0,"snapshot":{"added":0,"failure":false,"filesAdded":0,"filesRemoved":0,"filesRemovedList":[],"filesUnmatched":0,"filesUpdated":0,"matched":0,"total":0,"unchecked":0,"uncheckedKeysByFile":[],"unmatched":0,"updated":0,"didUpdate":false},"startTime":1774739404520,"success":true,"testResults":[{"assertionResults":[{"ancestorTitles":["POST /api/teacher/schedule — A/B block pairing"],"fullName":"POST /api/teacher/schedule — A/B block pairing returns no suggestedPair in response when A/B flag is OFF","status":"passed","title":"returns no suggestedPair in response when A/B flag is OFF","duration":15.757100000000037,"failureMessages":[],"meta":{}},{"ancestorTitles":["POST /api/teacher/schedule — A/B block pairing"],"fullName":"POST /api/teacher/schedule — A/B block pairing does not create sibling when classFormat=standard","status":"passed","title":"does not create sibling when classFormat=standard","duration":2.891700000000128,"failureMessages":[],"meta":{}},{"ancestorTitles":["POST /api/teacher/schedule — A/B block pairing"],"fullName":"POST /api/teacher/schedule — A/B block pairing does not create sibling when classFormat is omitted","status":"passed","title":"does not create sibling when classFormat is omitted","duration":3.7105000000001382,"failureMessages":[],"meta":{}},{"ancestorTitles":["POST /api/teacher/schedule — A/B block pairing"],"fullName":"POST /api/teacher/schedule — A/B block pairing does not create sibling when classFormat=block_a but content has no splitPoint","status":"passed","title":"does not create sibling when classFormat=block_a but content has no splitPoint","duration":2.5109999999999673,"failureMessages":[],"meta":{}},{"ancestorTitles":["POST /api/teacher/schedule — A/B block pairing"],"fullName":"POST /api/teacher/schedule — A/B block pairing does not create sibling when content has no deliveryProfile at all","status":"passed","title":"does not create sibling when content has no deliveryProfile at all","duration":5.151399999999967,"failureMessages":[],"meta":{}},{"ancestorTitles":["POST /api/teacher/schedule — A/B block pairing"],"fullName":"POST /api/teacher/schedule — A/B block pairing creates sibling when classFormat=block_a, splitPoint present, flag ON","status":"passed","title":"creates sibling when classFormat=block_a, splitPoint present, flag ON","duration":3.5701000000001386,"failureMessages":[],"meta":{}},{"ancestorTitles":["POST /api/teacher/schedule — A/B block pairing"],"fullName":"POST /api/teacher/schedule — A/B block pairing sibling has classFormat=block_b when primary is block_a","status":"passed","title":"sibling has classFormat=block_b when primary is block_a","duration":2.055599999999913,"failureMessages":[],"meta":{}},{"ancestorTitles":["POST /api/teacher/schedule — A/B block pairing"],"fullName":"POST /api/teacher/schedule — A/B block pairing sibling date is +2 days from primary scheduledDate","status":"passed","title":"sibling date is +2 days from primary scheduledDate","duration":1.406400000000076,"failureMessages":[],"meta":{}},{"ancestorTitles":["POST /api/teacher/schedule — A/B block pairing"],"fullName":"POST /api/teacher/schedule — A/B block pairing both primary and sibling share the same sessionPairId","status":"passed","title":"both primary and sibling share the same sessionPairId","duration":3.5185999999998785,"failureMessages":[],"meta":{}},{"ancestorTitles":["POST /api/teacher/schedule — A/B block pairing"],"fullName":"POST /api/teacher/schedule — A/B block pairing primary has status=confirmed, sibling has status=suggested","status":"passed","title":"primary has status=confirmed, sibling has status=suggested","duration":1.981800000000021,"failureMessages":[],"meta":{}},{"ancestorTitles":["POST /api/teacher/schedule — A/B block pairing"],"fullName":"POST /api/teacher/schedule — A/B block pairing response includes suggestedPair with id, classFormat, scheduledDate, status","status":"passed","title":"response includes suggestedPair with id, classFormat, scheduledDate, status","duration":2.0866000000000895,"failureMessages":[],"meta":{}},{"ancestorTitles":["POST /api/teacher/schedule — A/B block pairing"],"fullName":"POST /api/teacher/schedule — A/B block pairing sibling has classFormat=block_a when primary is block_b","status":"passed","title":"sibling has classFormat=block_a when primary is block_b","duration":1.8316000000002077,"failureMessages":[],"meta":{}}],"startTime":1774739585513,"endTime":1774739585560.8315,"status":"passed","message":"","name":"C:/Users/fasir/liberia-learn/__tests__/ab-block-scheduling.test.ts"},{"assertionResults":[{"ancestorTitles":["accessibility mode constants"],"fullName":"accessibility mode constants localStorage key is ll_a11y_mode","status":"passed","title":"localStorage key is ll_a11y_mode","duration":1.8133000000000266,"failureMessages":[],"meta":{}},{"ancestorTitles":["accessibility mode constants"],"fullName":"accessibility mode constants HTML attribute is data-a11y","status":"passed","title":"HTML attribute is data-a11y","duration":0.3140999999999394,"failureMessages":[],"meta":{}},{"ancestorTitles":["readA11yMode — no window (node / SSR env)"],"fullName":"readA11yMode — no window (node / SSR env) returns false without throwing","status":"passed","title":"returns false without throwing","duration":2.0195999999999685,"failureMessages":[],"meta":{}},{"ancestorTitles":["writeA11yMode — no window (node / SSR env)"],"fullName":"writeA11yMode — no window (node / SSR env) is a no-op and does not throw when window is undefined","status":"passed","title":"is a no-op and does not throw when window is undefined","duration":1.0703999999999496,"failureMessages":[],"meta":{}},{"ancestorTitles":["applyA11yMode — no document (node / SSR env)"],"fullName":"applyA11yMode — no document (node / SSR env) is a no-op and does not throw when document is undefined","status":"passed","title":"is a no-op and does not throw when document is undefined","duration":2.089800000000082,"failureMessages":[],"meta":{}},{"ancestorTitles":["toggle persistence — write then read via simulated localStorage"],"fullName":"toggle persistence — write then read via simulated localStorage writeA11yMode true is reflected by readA11yMode in browser env","status":"passed","title":"writeA11yMode true is reflected by readA11yMode in browser env","duration":0.9492000000000189,"failureMessages":[],"meta":{}},{"ancestorTitles":["toggle persistence — write then read via simulated localStorage"],"fullName":"toggle persistence — write then read via simulated localStorage writeA11yMode false removes the key","status":"passed","title":"writeA11yMode false removes the key","duration":0.8677000000000135,"failureMessages":[],"meta":{}},{"ancestorTitles":["toggle persistence — write then read via simulated localStorage"],"fullName":"toggle persistence — write then read via simulated localStorage readA11yMode returns false when key is absent","status":"passed","title":"readA11yMode returns false when key is absent","duration":1.0883000000000038,"failureMessages":[],"meta":{}},{"ancestorTitles":["toggle persistence — write then read via simulated localStorage"],"fullName":"toggle persistence — write then read via simulated localStorage readA11yMode returns true when key is 'true'","status":"passed","title":"readA11yMode returns true when key is 'true'","duration":1.2562000000000353,"failureMessages":[],"meta":{}},{"ancestorTitles":["toggle persistence — write then read via simulated localStorage"],"fullName":"toggle persistence — write then read via simulated localStorage readA11yMode is strict — '1' does not count as enabled","status":"passed","title":"readA11yMode is strict — '1' does not count as enabled","duration":0.9216000000000122,"failureMessages":[],"meta":{}}],"startTime":1774739609864,"endTime":1774739609877.9216,"status":"passed","message":"","name":"C:/Users/fasir/liberia-learn/__tests__/accessibility-mode.test.ts"},{"assertionResults":[{"ancestorTitles":["RR-3 account recovery"],"fullName":"RR-3 account recovery forgot password is non-enumerating for unknown email","status":"passed","title":"forgot password is non-enumerating for unknown email","duration":17.896999999999935,"failureMessages":[],"meta":{}},{"ancestorTitles":["RR-3 account recovery"],"fullName":"RR-3 account recovery forgot password returns 429 when rate limited","status":"passed","title":"forgot password returns 429 when rate limited","duration":4.613800000000083,"failureMessages":[],"meta":{}},{"ancestorTitles":["RR-3 account recovery"],"fullName":"RR-3 account recovery reset rejects expired tokens","status":"passed","title":"reset rejects expired tokens","duration":8.869400000000041,"failureMessages":[],"meta":{}},{"ancestorTitles":["RR-3 account recovery"],"fullName":"RR-3 account recovery reset rejects reused tokens","status":"passed","title":"reset rejects reused tokens","duration":2.523400000000038,"failureMessages":[],"meta":{}},{"ancestorTitles":["RR-3 account recovery"],"fullName":"RR-3 account recovery account recovery routes return 404 when flag is off","status":"passed","title":"account recovery routes return 404 when flag is off","duration":4.736100000000079,"failureMessages":[],"meta":{}}],"startTime":1774739574473,"endTime":1774739574512.736,"status":"passed","message":"","name":"C:/Users/fasir/liberia-learn/__tests__/account-recovery.test.ts"},{"assertionResults":[{"ancestorTitles":["computeDifficultyTier"],"fullName":"computeDifficultyTier returns \"remedial\" when averageScore < 0.40","status":"passed","title":"returns \"remedial\" when averageScore < 0.40","duration":7.354799999999955,"failureMessages":[],"meta":{}},{"ancestorTitles":["computeDifficultyTier"],"fullName":"computeDifficultyTier returns \"standard\" when averageScore is 0.40-0.69","status":"passed","title":"returns \"standard\" when averageScore is 0.40-0.69","duration":1.1820000000000164,"failureMessages":[],"meta":{}},{"ancestorTitles":["computeDifficultyTier"],"fullName":"computeDifficultyTier returns \"stretch\" when averageScore >= 0.70","status":"passed","title":"returns \"stretch\" when averageScore >= 0.70","duration":0.9106000000000449,"failureMessages":[],"meta":{}},{"ancestorTitles":["computeDifficultyTier"],"fullName":"computeDifficultyTier promotes tier when last 3 attempts all > 0.80","status":"passed","title":"promotes tier when last 3 attempts all > 0.80","duration":1.6596999999999298,"failureMessages":[],"meta":{}},{"ancestorTitles":["computeDifficultyTier"],"fullName":"computeDifficultyTier demotes tier when last 3 attempts all < 0.40","status":"passed","title":"demotes tier when last 3 attempts all < 0.40","duration":1.0193000000000438,"failureMessages":[],"meta":{}},{"ancestorTitles":["computeDifficultyTier"],"fullName":"computeDifficultyTier never goes below remedial or above stretch","status":"passed","title":"never goes below remedial or above stretch","duration":1.8636000000000195,"failureMessages":[],"meta":{}}],"startTime":1774739617312,"endTime":1774739617325.8635,"status":"passed","message":"","name":"C:/Users/fasir/liberia-learn/__tests__/adaptive.difficulty-adapter.test.ts"},{"assertionResults":[{"ancestorTitles":["detectMasteryGaps"],"fullName":"detectMasteryGaps returns empty array when student has no assessment history","status":"passed","title":"returns empty array when student has no assessment history","duration":10.347499999999968,"failureMessages":[],"meta":{}},{"ancestorTitles":["detectMasteryGaps"],"fullName":"detectMasteryGaps identifies gaps where averageScore < 0.70","status":"passed","title":"identifies gaps where averageScore < 0.70","duration":9.958700000000022,"failureMessages":[],"meta":{}},{"ancestorTitles":["detectMasteryGaps"],"fullName":"detectMasteryGaps excludes strands where averageScore >= 0.70","status":"passed","title":"excludes strands where averageScore >= 0.70","duration":1.8920000000000528,"failureMessages":[],"meta":{}},{"ancestorTitles":["detectMasteryGaps"],"fullName":"detectMasteryGaps sorts gaps weakest first","status":"passed","title":"sorts gaps weakest first","duration":1.9933999999999514,"failureMessages":[],"meta":{}}],"startTime":1774739604949,"endTime":1774739604974.9934,"status":"passed","message":"","name":"C:/Users/fasir/liberia-learn/__tests__/adaptive.gap-detector.test.ts"},{"assertionResults":[{"ancestorTitles":["POST /api/student/adaptive/practice"],"fullName":"POST /api/student/adaptive/practice returns 404 when no gap found for strandCode","status":"passed","title":"returns 404 when no gap found for strandCode","duration":27.787000000000035,"failureMessages":[],"meta":{}},{"ancestorTitles":["POST /api/student/adaptive/practice"],"fullName":"POST /api/student/adaptive/practice returns practice set with 5 questions","status":"passed","title":"returns practice set with 5 questions","duration":14.164400000000114,"failureMessages":[],"meta":{}},{"ancestorTitles":["POST /api/student/adaptive/practice"],"fullName":"POST /api/student/adaptive/practice requires STUDENT session (401 if missing)","status":"passed","title":"requires STUDENT session (401 if missing)","duration":17.752599999999802,"failureMessages":[],"meta":{}},{"ancestorTitles":["POST /api/student/adaptive/practice"],"fullName":"POST /api/student/adaptive/practice returns 404 when ENABLE_ADAPTIVE_ENGINE is false","status":"passed","title":"returns 404 when ENABLE_ADAPTIVE_ENGINE is false","duration":3.429300000000012,"failureMessages":[],"meta":{}}],"startTime":1774739583696,"endTime":1774739583760.4292,"status":"passed","message":"","name":"C:/Users/fasir/liberia-learn/__tests__/adaptive.practice.route.test.ts"},{"assertionResults":[{"ancestorTitles":["POST /api/student/adaptive/submit"],"fullName":"POST /api/student/adaptive/submit saves attempt and returns score","status":"passed","title":"saves attempt and returns score","duration":33.562000000000126,"failureMessages":[],"meta":{}},{"ancestorTitles":["POST /api/student/adaptive/submit"],"fullName":"POST /api/student/adaptive/submit passed=true when score >= 0.70","status":"passed","title":"passed=true when score >= 0.70","duration":7.162700000000086,"failureMessages":[],"meta":{}},{"ancestorTitles":["POST /api/student/adaptive/submit"],"fullName":"POST /api/student/adaptive/submit passed=false when score < 0.70","status":"passed","title":"passed=false when score < 0.70","duration":6.4679000000001,"failureMessages":[],"meta":{}},{"ancestorTitles":["POST /api/student/adaptive/submit"],"fullName":"POST /api/student/adaptive/submit returns nextTier in response","status":"passed","title":"returns nextTier in response","duration":4.637100000000146,"failureMessages":[],"meta":{}},{"ancestorTitles":["POST /api/student/adaptive/submit"],"fullName":"POST /api/student/adaptive/submit requires STUDENT session","status":"passed","title":"requires STUDENT session","duration":26.491600000000062,"failureMessages":[],"meta":{}}],"startTime":1774739555064,"endTime":1774739555143.4917,"status":"passed","message":"","name":"C:/Users/fasir/liberia-learn/__tests__/adaptive.submit.route.test.ts"},{"assertionResults":[{"ancestorTitles":["GET /api/teacher/dashboard adaptiveStats"],"fullName":"GET /api/teacher/dashboard adaptiveStats adaptiveStats returns zeros when no attempts exist","status":"passed","title":"adaptiveStats returns zeros when no attempts exist","duration":20.329700000000003,"failureMessages":[],"meta":{}},{"ancestorTitles":["GET /api/teacher/dashboard adaptiveStats"],"fullName":"GET /api/teacher/dashboard adaptiveStats studentsWithGaps counts correctly","status":"passed","title":"studentsWithGaps counts correctly","duration":4.903400000000033,"failureMessages":[],"meta":{}},{"ancestorTitles":["GET /api/teacher/dashboard adaptiveStats"],"fullName":"GET /api/teacher/dashboard adaptiveStats topWeakStrands returns top 3","status":"passed","title":"topWeakStrands returns top 3","duration":1.1149000000000342,"failureMessages":[],"meta":{}}],"startTime":1774739595205,"endTime":1774739595232.115,"status":"passed","message":"","name":"C:/Users/fasir/liberia-learn/__tests__/adaptive.teacher-dashboard.test.ts"},{"assertionResults":[{"ancestorTitles":["admin placements route"],"fullName":"admin placements route is school-scoped for admins","status":"passed","title":"is school-scoped for admins","duration":348.6414,"failureMessages":[],"meta":{}},{"ancestorTitles":["admin placements route"],"fullName":"admin placements route calculates override rate from reviewed placements only","status":"passed","title":"calculates override rate from reviewed placements only","duration":1.698099999999954,"failureMessages":[],"meta":{}}],"startTime":1774739466391,"endTime":1774739466742.698,"status":"passed","message":"","name":"C:/Users/fasir/liberia-learn/__tests__/admin.placements.route.test.ts"},{"assertionResults":[{"ancestorTitles":["GET /api/admin/students — RBAC"],"fullName":"GET /api/admin/students — RBAC returns 401 for unauthenticated requests","status":"passed","title":"returns 401 for unauthenticated requests","duration":15.791699999999992,"failureMessages":[],"meta":{}},{"ancestorTitles":["GET /api/admin/students — RBAC"],"fullName":"GET /api/admin/students — RBAC returns 403 for TEACHER role","status":"passed","title":"returns 403 for TEACHER role","duration":1.044499999999971,"failureMessages":[],"meta":{}},{"ancestorTitles":["GET /api/admin/students — tenant isolation"],"fullName":"GET /api/admin/students — tenant isolation scopes student query to admin's own schoolId","status":"passed","title":"scopes student query to admin's own schoolId","duration":7.960400000000163,"failureMessages":[],"meta":{}},{"ancestorTitles":["GET /api/admin/students — tenant isolation"],"fullName":"GET /api/admin/students — tenant isolation returns 400 when admin has no schoolId (null guard)","status":"passed","title":"returns 400 when admin has no schoolId (null guard)","duration":7.250800000000027,"failureMessages":[],"meta":{}},{"ancestorTitles":["GET /api/admin/students — audit logging"],"fullName":"GET /api/admin/students — audit logging calls logAudit on successful list","status":"passed","title":"calls logAudit on successful list","duration":1.560399999999845,"failureMessages":[],"meta":{}},{"ancestorTitles":["GET /api/admin/students — audit logging"],"fullName":"GET /api/admin/students — audit logging audit log includes count of students returned","status":"passed","title":"audit log includes count of students returned","duration":2.356800000000021,"failureMessages":[],"meta":{}},{"ancestorTitles":["GET /api/admin/students — audit logging"],"fullName":"GET /api/admin/students — audit logging does not call logAudit when admin has no schoolId","status":"passed","title":"does not call logAudit when admin has no schoolId","duration":1.9342999999998938,"failureMessages":[],"meta":{}},{"ancestorTitles":["GET /api/admin/students — audit logging"],"fullName":"GET /api/admin/students — audit logging logAudit is called with expected schoolId and userId","status":"passed","title":"logAudit is called with expected schoolId and userId","duration":3.0786000000000513,"failureMessages":[],"meta":{}},{"ancestorTitles":["GET /api/admin/students — response shape"],"fullName":"GET /api/admin/students — response shape returns 200 with students array","status":"passed","title":"returns 200 with students array","duration":7.60369999999989,"failureMessages":[],"meta":{}},{"ancestorTitles":["GET /api/admin/students — response shape"],"fullName":"GET /api/admin/students — response shape student records include id, name, email","status":"passed","title":"student records include id, name, email","duration":3.4046999999998206,"failureMessages":[],"meta":{}},{"ancestorTitles":["GET /api/admin/students — response shape"],"fullName":"GET /api/admin/students — response shape response contains no cross-school student data (query scoped)","status":"passed","title":"response contains no cross-school student data (query scoped)","duration":1.3108000000001994,"failureMessages":[],"meta":{}}],"startTime":1774739531151,"endTime":1774739531207.3108,"status":"passed","message":"","name":"C:/Users/fasir/liberia-learn/__tests__/admin.students.audit.test.ts"},{"assertionResults":[{"ancestorTitles":["POST /api/admin/students"],"fullName":"POST /api/admin/students generates LBR-YYYY-CODE-SEQUENCE from school code and student count","status":"passed","title":"generates LBR-YYYY-CODE-SEQUENCE from school code and student count","duration":38.27280000000019,"failureMessages":[],"meta":{}},{"ancestorTitles":["POST /api/admin/students"],"fullName":"POST /api/admin/students increments the sequence when the next generated ID already exists","status":"passed","title":"increments the sequence when the next generated ID already exists","duration":8.729500000000144,"failureMessages":[],"meta":{}},{"ancestorTitles":["POST /api/admin/students"],"fullName":"POST /api/admin/students returns 400 when the school has no configured code","status":"passed","title":"returns 400 when the school has no configured code","duration":4.111799999999903,"failureMessages":[],"meta":{}}],"startTime":1774739549137,"endTime":1774739549188.1118,"status":"passed","message":"","name":"C:/Users/fasir/liberia-learn/__tests__/admin.students.create.route.test.ts"},{"assertionResults":[{"ancestorTitles":["GET /api/admin/teachers"],"fullName":"GET /api/admin/teachers returns teacher roster rows with status and classes","status":"passed","title":"returns teacher roster rows with status and classes","duration":17.65390000000002,"failureMessages":[],"meta":{}},{"ancestorTitles":["POST /api/admin/teachers"],"fullName":"POST /api/admin/teachers creates a teacher and returns credentials payload","status":"passed","title":"creates a teacher and returns credentials payload","duration":17.697000000000116,"failureMessages":[],"meta":{}},{"ancestorTitles":["PATCH /api/admin/teachers"],"fullName":"PATCH /api/admin/teachers deactivates a teacher","status":"passed","title":"deactivates a teacher","duration":8.439200000000028,"failureMessages":[],"meta":{}},{"ancestorTitles":["PATCH /api/admin/teachers"],"fullName":"PATCH /api/admin/teachers resends invite by rotating the temp pin","status":"passed","title":"resends invite by rotating the temp pin","duration":4.704499999999825,"failureMessages":[],"meta":{}}],"startTime":1774739596625,"endTime":1774739596675.7046,"status":"passed","message":"","name":"C:/Users/fasir/liberia-learn/__tests__/admin.teachers.route.test.ts"},{"assertionResults":[{"ancestorTitles":["GET /api/admin/curriculum/textbook"],"fullName":"GET /api/admin/curriculum/textbook returns 404 when no units are found","status":"passed","title":"returns 404 when no units are found","duration":16.302599999999984,"failureMessages":[],"meta":{}},{"ancestorTitles":["GET /api/admin/curriculum/textbook"],"fullName":"GET /api/admin/curriculum/textbook returns PDF content-type on success","status":"passed","title":"returns PDF content-type on success","duration":2.9796000000001186,"failureMessages":[],"meta":{}},{"ancestorTitles":["GET /api/admin/curriculum/textbook"],"fullName":"GET /api/admin/curriculum/textbook gates the route when ENABLE_TEXTBOOK_COMPILER is disabled","status":"passed","title":"gates the route when ENABLE_TEXTBOOK_COMPILER is disabled","duration":3.123100000000022,"failureMessages":[],"meta":{}},{"ancestorTitles":["GET /api/admin/curriculum/textbook"],"fullName":"GET /api/admin/curriculum/textbook calls audit log on successful textbook generation","status":"passed","title":"calls audit log on successful textbook generation","duration":6.055899999999838,"failureMessages":[],"meta":{}}],"startTime":1774739593973,"endTime":1774739594002.056,"status":"passed","message":"","name":"C:/Users/fasir/liberia-learn/__tests__/admin.textbook.route.test.ts"},{"assertionResults":[{"ancestorTitles":["admin curriculum units route"],"fullName":"admin curriculum units route validates subject and gradeLevel on POST","status":"passed","title":"validates subject and gradeLevel on POST","duration":66.30680000000007,"failureMessages":[],"meta":{}},{"ancestorTitles":["admin curriculum units route"],"fullName":"admin curriculum units route rejects non-admin roles","status":"passed","title":"rejects non-admin roles","duration":6.0715999999999894,"failureMessages":[],"meta":{}},{"ancestorTitles":["admin curriculum units route"],"fullName":"admin curriculum units route returns scoped unit list results for the current school","status":"passed","title":"returns scoped unit list results for the current school","duration":32.2675999999999,"failureMessages":[],"meta":{}},{"ancestorTitles":["admin curriculum units route"],"fullName":"admin curriculum units route gates the route when ENABLE_UNIT_ASSEMBLY is disabled","status":"passed","title":"gates the route when ENABLE_UNIT_ASSEMBLY is disabled","duration":4.869300000000067,"failureMessages":[],"meta":{}}],"startTime":1774739562523,"endTime":1774739562633.8694,"status":"passed","message":"","name":"C:/Users/fasir/liberia-learn/__tests__/admin.unit-assembly.route.test.ts"},{"assertionResults":[{"ancestorTitles":["recordAiCorrelation — correlation result"],"fullName":"recordAiCorrelation — correlation result classifies delta > 0.05 as 'improved'","status":"passed","title":"classifies delta > 0.05 as 'improved'","duration":2.6697000000000344,"failureMessages":[],"meta":{}},{"ancestorTitles":["recordAiCorrelation — correlation result"],"fullName":"recordAiCorrelation — correlation result classifies delta < -0.05 as 'declined'","status":"passed","title":"classifies delta < -0.05 as 'declined'","duration":0.4738999999999578,"failureMessages":[],"meta":{}},{"ancestorTitles":["recordAiCorrelation — correlation result"],"fullName":"recordAiCorrelation — correlation result classifies |delta| <= 0.05 as 'unchanged'","status":"passed","title":"classifies |delta| <= 0.05 as 'unchanged'","duration":0.378400000000056,"failureMessages":[],"meta":{}},{"ancestorTitles":["recordAiCorrelation — correlation result"],"fullName":"recordAiCorrelation — correlation result classifies exact 0.05 delta as 'improved'","status":"passed","title":"classifies exact 0.05 delta as 'improved'","duration":0.4615999999999758,"failureMessages":[],"meta":{}},{"ancestorTitles":["recordAiCorrelation — no PII in payload"],"fullName":"recordAiCorrelation — no PII in payload does not include studentId in metric payload","status":"passed","title":"does not include studentId in metric payload","duration":2.545199999999909,"failureMessages":[],"meta":{}},{"ancestorTitles":["recordAiCorrelation — no PII in payload"],"fullName":"recordAiCorrelation — no PII in payload does not include school name in payload","status":"passed","title":"does not include school name in payload","duration":0.573500000000081,"failureMessages":[],"meta":{}},{"ancestorTitles":["recordAiCorrelation — no PII in payload"],"fullName":"recordAiCorrelation — no PII in payload includes only subject, strandKey, gradeBand, scoreDelta, correlationResult","status":"passed","title":"includes only subject, strandKey, gradeBand, scoreDelta, correlationResult","duration":2.86080000000004,"failureMessages":[],"meta":{}},{"ancestorTitles":["recordAiCorrelation — metric event shape"],"fullName":"recordAiCorrelation — metric event shape emits event named ai_tutor_correlation","status":"passed","title":"emits event named ai_tutor_correlation","duration":0.2969999999999118,"failureMessages":[],"meta":{}},{"ancestorTitles":["recordAiCorrelation — metric event shape"],"fullName":"recordAiCorrelation — metric event shape passes schoolId as scopeId","status":"passed","title":"passes schoolId as scopeId","duration":0.323099999999954,"failureMessages":[],"meta":{}},{"ancestorTitles":["recordAiCorrelation — metric event shape"],"fullName":"recordAiCorrelation — metric event shape handles null schoolId gracefully","status":"passed","title":"handles null schoolId gracefully","duration":0.3807000000000471,"failureMessages":[],"meta":{}},{"ancestorTitles":["scheduleAiCorrelationCheck — fire-and-forget"],"fullName":"scheduleAiCorrelationCheck — fire-and-forget does not throw when recordMetricEvent fails","status":"passed","title":"does not throw when recordMetricEvent fails","duration":4.086200000000076,"failureMessages":[],"meta":{}},{"ancestorTitles":["scheduleAiCorrelationCheck — fire-and-forget"],"fullName":"scheduleAiCorrelationCheck — fire-and-forget calls recordMetricEvent in the background","status":"passed","title":"calls recordMetricEvent in the background","duration":3.796699999999987,"failureMessages":[],"meta":{}}],"startTime":1774739582323,"endTime":1774739582343.7966,"status":"passed","message":"","name":"C:/Users/fasir/liberia-learn/__tests__/ai.metrics.test.ts"},{"assertionResults":[{"ancestorTitles":["POST /api/teacher/assist — feature flag"],"fullName":"POST /api/teacher/assist — feature flag returns 404 when AI_TEACHER_ASSIST_ENABLED is false","status":"passed","title":"returns 404 when AI_TEACHER_ASSIST_ENABLED is false","duration":21.619899999999916,"failureMessages":[],"meta":{}},{"ancestorTitles":["POST /api/teacher/assist — valid response"],"fullName":"POST /api/teacher/assist — valid response returns reinforcementSuggestions array","status":"passed","title":"returns reinforcementSuggestions array","duration":11.147399999999834,"failureMessages":[],"meta":{}},{"ancestorTitles":["POST /api/teacher/assist — valid response"],"fullName":"POST /api/teacher/assist — valid response returns pacingSuggestion string","status":"passed","title":"returns pacingSuggestion string","duration":8.754899999999907,"failureMessages":[],"meta":{}},{"ancestorTitles":["POST /api/teacher/assist — valid response"],"fullName":"POST /api/teacher/assist — valid response returns resourceHints array","status":"passed","title":"returns resourceHints array","duration":4.899899999999889,"failureMessages":[],"meta":{}},{"ancestorTitles":["POST /api/teacher/assist — valid response"],"fullName":"POST /api/teacher/assist — valid response generates suggestions when weakStrandKeys is non-empty","status":"passed","title":"generates suggestions when weakStrandKeys is non-empty","duration":10.453800000000001,"failureMessages":[],"meta":{}},{"ancestorTitles":["POST /api/teacher/assist — no individual student data"],"fullName":"POST /api/teacher/assist — no individual student data prompt contains no studentId","status":"passed","title":"prompt contains no studentId","duration":4.64409999999998,"failureMessages":[],"meta":{}},{"ancestorTitles":["POST /api/teacher/assist — no individual student data"],"fullName":"POST /api/teacher/assist — no individual student data prompt contains no school name or schoolId","status":"passed","title":"prompt contains no school name or schoolId","duration":2.2772999999999683,"failureMessages":[],"meta":{}},{"ancestorTitles":["POST /api/teacher/assist — no individual student data"],"fullName":"POST /api/teacher/assist — no individual student data audit log details contain no student identifiers","status":"passed","title":"audit log details contain no student identifiers","duration":7.153999999999996,"failureMessages":[],"meta":{}},{"ancestorTitles":["POST /api/teacher/assist — punitive language guardrail"],"fullName":"POST /api/teacher/assist — punitive language guardrail falls back when AI response contains punitive language","status":"passed","title":"falls back when AI response contains punitive language","duration":17.58470000000011,"failureMessages":[],"meta":{}},{"ancestorTitles":["POST /api/teacher/assist — punitive language guardrail"],"fullName":"POST /api/teacher/assist — punitive language guardrail fallback suggestions do not contain punitive language","status":"passed","title":"fallback suggestions do not contain punitive language","duration":7.73739999999998,"failureMessages":[],"meta":{}},{"ancestorTitles":["POST /api/teacher/assist — fallback"],"fullName":"POST /api/teacher/assist — fallback returns 200 with hadFallback=true when AI throws","status":"passed","title":"returns 200 with hadFallback=true when AI throws","duration":4.483000000000175,"failureMessages":[],"meta":{}},{"ancestorTitles":["POST /api/teacher/assist — fallback"],"fullName":"POST /api/teacher/assist — fallback returns 200 with hadFallback=true when AI returns invalid JSON","status":"passed","title":"returns 200 with hadFallback=true when AI returns invalid JSON","duration":3.5815999999999804,"failureMessages":[],"meta":{}},{"ancestorTitles":["POST /api/teacher/assist — rate limit"],"fullName":"POST /api/teacher/assist — rate limit returns 429 when daily limit is reached","status":"passed","title":"returns 429 when daily limit is reached","duration":2.9314999999999145,"failureMessages":[],"meta":{}},{"ancestorTitles":["POST /api/teacher/assist — auth"],"fullName":"POST /api/teacher/assist — auth returns 403 when user is not a teacher","status":"passed","title":"returns 403 when user is not a teacher","duration":2.3840000000000146,"failureMessages":[],"meta":{}},{"ancestorTitles":["POST /api/teacher/assist — audit log"],"fullName":"POST /api/teacher/assist — audit log writes audit log with correct action on success","status":"passed","title":"writes audit log with correct action on success","duration":16.499500000000126,"failureMessages":[],"meta":{}},{"ancestorTitles":["POST /api/teacher/assist — input validation"],"fullName":"POST /api/teacher/assist — input validation returns 400 when subject is empty","status":"passed","title":"returns 400 when subject is empty","duration":1.086999999999989,"failureMessages":[],"meta":{}},{"ancestorTitles":["POST /api/teacher/assist — input validation"],"fullName":"POST /api/teacher/assist — input validation caps weakStrandKeys at 10 items","status":"passed","title":"caps weakStrandKeys at 10 items","duration":1.1682999999998174,"failureMessages":[],"meta":{}}],"startTime":1774739542800,"endTime":1774739542935.1682,"status":"passed","message":"","name":"C:/Users/fasir/liberia-learn/__tests__/ai.teacher.assist.test.ts"},{"assertionResults":[{"ancestorTitles":["POST /api/student/tutor — feature flag"],"fullName":"POST /api/student/tutor — feature flag returns 404 when AI_TUTOR_ENABLED is false","status":"passed","title":"returns 404 when AI_TUTOR_ENABLED is false","duration":28.36310000000003,"failureMessages":[],"meta":{}},{"ancestorTitles":["POST /api/student/tutor — valid response"],"fullName":"POST /api/student/tutor — valid response returns structured response with all required fields","status":"passed","title":"returns structured response with all required fields","duration":14.534999999999854,"failureMessages":[],"meta":{}},{"ancestorTitles":["POST /api/student/tutor — valid response"],"fullName":"POST /api/student/tutor — valid response calls routedCompletion with forceSmartTier=true","status":"passed","title":"calls routedCompletion with forceSmartTier=true","duration":16.253699999999753,"failureMessages":[],"meta":{}},{"ancestorTitles":["POST /api/student/tutor — PII guardrails"],"fullName":"POST /api/student/tutor — PII guardrails does not include studentId in the AI prompt messages","status":"passed","title":"does not include studentId in the AI prompt messages","duration":14.791699999999764,"failureMessages":[],"meta":{}},{"ancestorTitles":["POST /api/student/tutor — PII guardrails"],"fullName":"POST /api/student/tutor — PII guardrails does not include school name or schoolId in the AI prompt","status":"passed","title":"does not include school name or schoolId in the AI prompt","duration":7.985200000000077,"failureMessages":[],"meta":{}},{"ancestorTitles":["POST /api/student/tutor — PII guardrails"],"fullName":"POST /api/student/tutor — PII guardrails audit log details contain no studentId field","status":"passed","title":"audit log details contain no studentId field","duration":8.335300000000188,"failureMessages":[],"meta":{}},{"ancestorTitles":["POST /api/student/tutor — PII guardrails"],"fullName":"POST /api/student/tutor — PII guardrails interaction log create contains no studentId field","status":"passed","title":"interaction log create contains no studentId field","duration":6.650699999999688,"failureMessages":[],"meta":{}},{"ancestorTitles":["POST /api/student/tutor — audit log"],"fullName":"POST /api/student/tutor — audit log writes audit log with action=ai.tutor.requested on success","status":"passed","title":"writes audit log with action=ai.tutor.requested on success","duration":6.326100000000224,"failureMessages":[],"meta":{}},{"ancestorTitles":["POST /api/student/tutor — audit log"],"fullName":"POST /api/student/tutor — audit log does not write audit log when feature flag is off","status":"passed","title":"does not write audit log when feature flag is off","duration":3.5778000000000247,"failureMessages":[],"meta":{}},{"ancestorTitles":["POST /api/student/tutor — rate limit"],"fullName":"POST /api/student/tutor — rate limit returns 429 when daily limit is reached","status":"passed","title":"returns 429 when daily limit is reached","duration":9.889599999999973,"failureMessages":[],"meta":{}},{"ancestorTitles":["POST /api/student/tutor — rate limit"],"fullName":"POST /api/student/tutor — rate limit allows call when count is below limit","status":"passed","title":"allows call when count is below limit","duration":2.768800000000283,"failureMessages":[],"meta":{}},{"ancestorTitles":["POST /api/student/tutor — budget cap"],"fullName":"POST /api/student/tutor — budget cap returns 503 when monthly spend >= cap","status":"passed","title":"returns 503 when monthly spend >= cap","duration":7.635899999999765,"failureMessages":[],"meta":{}},{"ancestorTitles":["POST /api/student/tutor — budget cap"],"fullName":"POST /api/student/tutor — budget cap emits budget warning metric at 80% spend","status":"passed","title":"emits budget warning metric at 80% spend","duration":6.140899999999874,"failureMessages":[],"meta":{}},{"ancestorTitles":["POST /api/student/tutor — fallback"],"fullName":"POST /api/student/tutor — fallback returns 200 with hadFallback=true when AI call throws","status":"passed","title":"returns 200 with hadFallback=true when AI call throws","duration":12.384099999999762,"failureMessages":[],"meta":{}},{"ancestorTitles":["POST /api/student/tutor — fallback"],"fullName":"POST /api/student/tutor — fallback returns 200 with hadFallback=true when AI returns invalid JSON","status":"passed","title":"returns 200 with hadFallback=true when AI returns invalid JSON","duration":5.134099999999762,"failureMessages":[],"meta":{}},{"ancestorTitles":["POST /api/student/tutor — input validation"],"fullName":"POST /api/student/tutor — input validation returns 400 when subject is missing","status":"passed","title":"returns 400 when subject is missing","duration":2.48279999999977,"failureMessages":[],"meta":{}},{"ancestorTitles":["POST /api/student/tutor — input validation"],"fullName":"POST /api/student/tutor — input validation returns 400 when strandKey is missing","status":"passed","title":"returns 400 when strandKey is missing","duration":1.266899999999623,"failureMessages":[],"meta":{}},{"ancestorTitles":["POST /api/student/tutor — input validation"],"fullName":"POST /api/student/tutor — input validation defaults requestType to 'explain' for unknown value","status":"passed","title":"defaults requestType to 'explain' for unknown value","duration":3.497899999999845,"failureMessages":[],"meta":{}}],"startTime":1774739520365,"endTime":1774739520529.4978,"status":"passed","message":"","name":"C:/Users/fasir/liberia-learn/__tests__/ai.tutor.test.ts"},{"assertionResults":[{"ancestorTitles":["handleApiError"],"fullName":"handleApiError returns 409 for Prisma P2002 (unique constraint)","status":"passed","title":"returns 409 for Prisma P2002 (unique constraint)","duration":12.405199999999923,"failureMessages":[],"meta":{}},{"ancestorTitles":["handleApiError"],"fullName":"handleApiError returns 404 for Prisma P2025 (record not found)","status":"passed","title":"returns 404 for Prisma P2025 (record not found)","duration":1.981800000000021,"failureMessages":[],"meta":{}},{"ancestorTitles":["handleApiError"],"fullName":"handleApiError returns 400 for Prisma P2003 (foreign key constraint)","status":"passed","title":"returns 400 for Prisma P2003 (foreign key constraint)","duration":1.3077999999998156,"failureMessages":[],"meta":{}},{"ancestorTitles":["handleApiError"],"fullName":"handleApiError returns 422 for ZodError","status":"passed","title":"returns 422 for ZodError","duration":1.2821000000001277,"failureMessages":[],"meta":{}},{"ancestorTitles":["handleApiError"],"fullName":"handleApiError returns 401 for auth error with status 401","status":"passed","title":"returns 401 for auth error with status 401","duration":1.2377000000001317,"failureMessages":[],"meta":{}},{"ancestorTitles":["handleApiError"],"fullName":"handleApiError returns 403 for auth error with status 403","status":"passed","title":"returns 403 for auth error with status 403","duration":1.1730999999999767,"failureMessages":[],"meta":{}},{"ancestorTitles":["handleApiError"],"fullName":"handleApiError returns 500 for unknown Error without stack trace in response","status":"passed","title":"returns 500 for unknown Error without stack trace in response","duration":1.4528999999999996,"failureMessages":[],"meta":{}},{"ancestorTitles":["handleApiError"],"fullName":"handleApiError returns 500 for plain string error","status":"passed","title":"returns 500 for plain string error","duration":1.1933999999998832,"failureMessages":[],"meta":{}},{"ancestorTitles":["handleApiError"],"fullName":"handleApiError returns 500 for null/undefined","status":"passed","title":"returns 500 for null/undefined","duration":1.3322000000000571,"failureMessages":[],"meta":{}},{"ancestorTitles":["handleApiError"],"fullName":"handleApiError response body never contains raw PII fields","status":"passed","title":"response body never contains raw PII fields","duration":3.608799999999974,"failureMessages":[],"meta":{}},{"ancestorTitles":["handleApiError"],"fullName":"handleApiError logs error message server-side","status":"passed","title":"logs error message server-side","duration":4.550100000000157,"failureMessages":[],"meta":{}},{"ancestorTitles":["handleApiError"],"fullName":"handleApiError logs Prisma error message server-side","status":"passed","title":"logs Prisma error message server-side","duration":2.230600000000095,"failureMessages":[],"meta":{}},{"ancestorTitles":["handleApiError"],"fullName":"handleApiError response always includes timestamp as ISO string","status":"passed","title":"response always includes timestamp as ISO string","duration":2.860900000000129,"failureMessages":[],"meta":{}},{"ancestorTitles":["handleApiError"],"fullName":"handleApiError response always includes error and code fields","status":"passed","title":"response always includes error and code fields","duration":3.7657999999998992,"failureMessages":[],"meta":{}}],"startTime":1774739521814,"endTime":1774739521855.7659,"status":"passed","message":"","name":"C:/Users/fasir/liberia-learn/__tests__/apiErrorHandler.test.ts"},{"assertionResults":[{"ancestorTitles":["app hub redirects"],"fullName":"app hub redirects routes student to /dashboard","status":"passed","title":"routes student to /dashboard","duration":6.262400000000071,"failureMessages":[],"meta":{}},{"ancestorTitles":["app hub redirects"],"fullName":"app hub redirects routes teacher to /teacher","status":"passed","title":"routes teacher to /teacher","duration":0.5868000000000393,"failureMessages":[],"meta":{}},{"ancestorTitles":["app hub redirects"],"fullName":"app hub redirects routes admin to /admin","status":"passed","title":"routes admin to /admin","duration":0.41610000000002856,"failureMessages":[],"meta":{}},{"ancestorTitles":["app hub redirects"],"fullName":"app hub redirects routes guardian to /guardian","status":"passed","title":"routes guardian to /guardian","duration":0.759900000000016,"failureMessages":[],"meta":{}},{"ancestorTitles":["app hub redirects"],"fullName":"app hub redirects routes platform admin to /platform","status":"passed","title":"routes platform admin to /platform","duration":1.0153999999999996,"failureMessages":[],"meta":{}},{"ancestorTitles":["app hub redirects"],"fullName":"app hub redirects routes district admin to /platform","status":"passed","title":"routes district admin to /platform","duration":0.6781999999999471,"failureMessages":[],"meta":{}}],"startTime":1774739610701,"endTime":1774739610710.6782,"status":"passed","message":"","name":"C:/Users/fasir/liberia-learn/__tests__/app.hub.test.ts"},{"assertionResults":[{"ancestorTitles":["POST /api/teacher/schedule — assignment suggestion auto-creation"],"fullName":"POST /api/teacher/schedule — assignment suggestion auto-creation creates AssignmentSuggestion when exitTicket is present and flag is ON","status":"passed","title":"creates AssignmentSuggestion when exitTicket is present and flag is ON","duration":20.93139999999994,"failureMessages":[],"meta":{}},{"ancestorTitles":["POST /api/teacher/schedule — assignment suggestion auto-creation"],"fullName":"POST /api/teacher/schedule — assignment suggestion auto-creation does NOT create AssignmentSuggestion when linkage flag is OFF","status":"passed","title":"does NOT create AssignmentSuggestion when linkage flag is OFF","duration":8.18320000000017,"failureMessages":[],"meta":{}},{"ancestorTitles":["POST /api/teacher/schedule — assignment suggestion auto-creation"],"fullName":"POST /api/teacher/schedule — assignment suggestion auto-creation does NOT create AssignmentSuggestion when content has no exitTicket","status":"passed","title":"does NOT create AssignmentSuggestion when content has no exitTicket","duration":4.257799999999861,"failureMessages":[],"meta":{}},{"ancestorTitles":["POST /api/teacher/schedule — assignment suggestion auto-creation"],"fullName":"POST /api/teacher/schedule — assignment suggestion auto-creation includes moeStandardCodes from moeAlignments in the suggestion","status":"passed","title":"includes moeStandardCodes from moeAlignments in the suggestion","duration":9.214099999999917,"failureMessages":[],"meta":{}},{"ancestorTitles":["POST /api/teacher/schedule — assignment suggestion auto-creation"],"fullName":"POST /api/teacher/schedule — assignment suggestion auto-creation sets suggestedDueDate to scheduledDate + 1 day","status":"passed","title":"sets suggestedDueDate to scheduledDate + 1 day","duration":5.440299999999979,"failureMessages":[],"meta":{}},{"ancestorTitles":["POST /api/teacher/assignment-suggestions/[id]/accept"],"fullName":"POST /api/teacher/assignment-suggestions/[id]/accept returns 404 when flag is OFF","status":"passed","title":"returns 404 when flag is OFF","duration":3.2409000000000106,"failureMessages":[],"meta":{}},{"ancestorTitles":["POST /api/teacher/assignment-suggestions/[id]/accept"],"fullName":"POST /api/teacher/assignment-suggestions/[id]/accept creates an Assignment and marks suggestion as accepted","status":"passed","title":"creates an Assignment and marks suggestion as accepted","duration":3.007000000000062,"failureMessages":[],"meta":{}},{"ancestorTitles":["POST /api/teacher/assignment-suggestions/[id]/accept"],"fullName":"POST /api/teacher/assignment-suggestions/[id]/accept returns the created assignment in the response","status":"passed","title":"returns the created assignment in the response","duration":2.3985000000000127,"failureMessages":[],"meta":{}},{"ancestorTitles":["POST /api/teacher/assignment-suggestions/[id]/accept"],"fullName":"POST /api/teacher/assignment-suggestions/[id]/accept sets generationMethod=suggested on the created assignment","status":"passed","title":"sets generationMethod=suggested on the created assignment","duration":2.470199999999977,"failureMessages":[],"meta":{}},{"ancestorTitles":["POST /api/teacher/assignment-suggestions/[id]/accept"],"fullName":"POST /api/teacher/assignment-suggestions/[id]/accept returns 400 when suggestion is already accepted","status":"passed","title":"returns 400 when suggestion is already accepted","duration":50.731500000000096,"failureMessages":[],"meta":{}},{"ancestorTitles":["POST /api/teacher/assignment-suggestions/[id]/accept"],"fullName":"POST /api/teacher/assignment-suggestions/[id]/accept returns 404 when suggestion belongs to a different school","status":"passed","title":"returns 404 when suggestion belongs to a different school","duration":3.6338000000000648,"failureMessages":[],"meta":{}},{"ancestorTitles":["POST /api/teacher/assignment-suggestions/[id]/accept"],"fullName":"POST /api/teacher/assignment-suggestions/[id]/accept calls logAudit with assignment.suggestion.accepted on success","status":"passed","title":"calls logAudit with assignment.suggestion.accepted on success","duration":2.7331000000001495,"failureMessages":[],"meta":{}},{"ancestorTitles":["POST /api/teacher/assignment-suggestions/[id]/dismiss"],"fullName":"POST /api/teacher/assignment-suggestions/[id]/dismiss returns 404 when flag is OFF","status":"passed","title":"returns 404 when flag is OFF","duration":1.2887000000000626,"failureMessages":[],"meta":{}},{"ancestorTitles":["POST /api/teacher/assignment-suggestions/[id]/dismiss"],"fullName":"POST /api/teacher/assignment-suggestions/[id]/dismiss marks suggestion as dismissed and returns { ok: true }","status":"passed","title":"marks suggestion as dismissed and returns { ok: true }","duration":1.3150000000000546,"failureMessages":[],"meta":{}},{"ancestorTitles":["POST /api/teacher/assignment-suggestions/[id]/dismiss"],"fullName":"POST /api/teacher/assignment-suggestions/[id]/dismiss returns 404 when suggestion belongs to a different school","status":"passed","title":"returns 404 when suggestion belongs to a different school","duration":2.659800000000132,"failureMessages":[],"meta":{}},{"ancestorTitles":["POST /api/teacher/assignments/generate"],"fullName":"POST /api/teacher/assignments/generate returns 404 when ENABLE_AI_ASSIGNMENT_GENERATION flag is OFF","status":"passed","title":"returns 404 when ENABLE_AI_ASSIGNMENT_GENERATION flag is OFF","duration":2.3837999999998374,"failureMessages":[],"meta":{}},{"ancestorTitles":["POST /api/teacher/assignments/generate"],"fullName":"POST /api/teacher/assignments/generate returns a draft without saving to DB","status":"passed","title":"returns a draft without saving to DB","duration":27.455199999999877,"failureMessages":[],"meta":{}},{"ancestorTitles":["POST /api/teacher/assignments/generate"],"fullName":"POST /api/teacher/assignments/generate draft includes title, questions, moeStandardCodes, contentId","status":"passed","title":"draft includes title, questions, moeStandardCodes, contentId","duration":2.713700000000017,"failureMessages":[],"meta":{}},{"ancestorTitles":["POST /api/teacher/assignments/generate"],"fullName":"POST /api/teacher/assignments/generate returns 400 when classId is missing","status":"passed","title":"returns 400 when classId is missing","duration":1.0795000000000528,"failureMessages":[],"meta":{}},{"ancestorTitles":["POST /api/teacher/assignments/generate"],"fullName":"POST /api/teacher/assignments/generate returns 400 when assignmentType is missing","status":"passed","title":"returns 400 when assignmentType is missing","duration":0.9507000000000971,"failureMessages":[],"meta":{}},{"ancestorTitles":["POST /api/teacher/assignments/generate"],"fullName":"POST /api/teacher/assignments/generate returns 403 when class belongs to a different school","status":"passed","title":"returns 403 when class belongs to a different school","duration":0.869899999999916,"failureMessages":[],"meta":{}}],"startTime":1774739547388,"endTime":1774739547550.8699,"status":"passed","message":"","name":"C:/Users/fasir/liberia-learn/__tests__/assignment-linkage.test.ts"},{"assertionResults":[{"ancestorTitles":["assistant action routes"],"fullName":"assistant action routes allows teacher assignment draft generation for TEACHER","status":"passed","title":"allows teacher assignment draft generation for TEACHER","duration":15.368400000000065,"failureMessages":[],"meta":{}},{"ancestorTitles":["assistant action routes"],"fullName":"assistant action routes returns 401 when the action route is unauthenticated","status":"passed","title":"returns 401 when the action route is unauthenticated","duration":0.8257000000000971,"failureMessages":[],"meta":{}},{"ancestorTitles":["assistant action routes"],"fullName":"assistant action routes blocks teacher lesson improvement for non-teacher roles","status":"passed","title":"blocks teacher lesson improvement for non-teacher roles","duration":1.1902999999999793,"failureMessages":[],"meta":{}},{"ancestorTitles":["assistant action routes"],"fullName":"assistant action routes allows admin intervention draft generation for ADMIN","status":"passed","title":"allows admin intervention draft generation for ADMIN","duration":1.088700000000017,"failureMessages":[],"meta":{}},{"ancestorTitles":["assistant action routes"],"fullName":"assistant action routes allows student practice draft generation only for STUDENT","status":"passed","title":"allows student practice draft generation only for STUDENT","duration":2.653799999999819,"failureMessages":[],"meta":{}},{"ancestorTitles":["assistant action routes"],"fullName":"assistant action routes blocks guardian study plan generation for non-guardian roles","status":"passed","title":"blocks guardian study plan generation for non-guardian roles","duration":1.4742999999998574,"failureMessages":[],"meta":{}},{"ancestorTitles":["assistant action routes"],"fullName":"assistant action routes rejects student practice requests outside enrolled subjects","status":"passed","title":"rejects student practice requests outside enrolled subjects","duration":1.099999999999909,"failureMessages":[],"meta":{}},{"ancestorTitles":["assistant action routes"],"fullName":"assistant action routes rejects guardian study plan requests outside linked student scope","status":"passed","title":"rejects guardian study plan requests outside linked student scope","duration":1.3175999999998567,"failureMessages":[],"meta":{}},{"ancestorTitles":["assistant action routes"],"fullName":"assistant action routes rejects guardian study plan requests that mix grade and subject across different linked students","status":"passed","title":"rejects guardian study plan requests that mix grade and subject across different linked students","duration":1.0860000000000127,"failureMessages":[],"meta":{}},{"ancestorTitles":["assistant action routes"],"fullName":"assistant action routes ignores client role for teacher draft generation","status":"passed","title":"ignores client role for teacher draft generation","duration":1.1885999999999513,"failureMessages":[],"meta":{}}],"startTime":1774739468183,"endTime":1774739468211.1887,"status":"passed","message":"","name":"C:/Users/fasir/liberia-learn/__tests__/assistant.action.routes.test.ts"},{"assertionResults":[{"ancestorTitles":["assistantAccess"],"fullName":"assistantAccess returns assistant config for teacher/admin/student/guardian","status":"passed","title":"returns assistant config for teacher/admin/student/guardian","duration":7.526899999999955,"failureMessages":[],"meta":{}},{"ancestorTitles":["assistantAccess"],"fullName":"assistantAccess rejects unsupported roles","status":"passed","title":"rejects unsupported roles","duration":0.4157999999999902,"failureMessages":[],"meta":{}},{"ancestorTitles":["assistantAccess"],"fullName":"assistantAccess enforces classroom-only mode for student and guardian","status":"passed","title":"enforces classroom-only mode for student and guardian","duration":0.8268000000000484,"failureMessages":[],"meta":{}}],"startTime":1774739625406,"endTime":1774739625414.827,"status":"passed","message":"","name":"C:/Users/fasir/liberia-learn/__tests__/assistantAccess.test.ts"},{"assertionResults":[{"ancestorTitles":["Audit Gate 2 — Category 4: logAudit patch verification","POST /api/admin/curriculum/approve — logAudit includes schoolId"],"fullName":"Audit Gate 2 — Category 4: logAudit patch verification POST /api/admin/curriculum/approve — logAudit includes schoolId calls logAudit with schoolId on successful approval","status":"passed","title":"calls logAudit with schoolId on successful approval","duration":3036.9744,"failureMessages":[],"meta":{}},{"ancestorTitles":["Audit Gate 2 — Category 4: logAudit patch verification","POST /api/admin/curriculum/approve — logAudit includes schoolId"],"fullName":"Audit Gate 2 — Category 4: logAudit patch verification POST /api/admin/curriculum/approve — logAudit includes schoolId logAudit is called before telemetry block — audit always runs","status":"passed","title":"logAudit is called before telemetry block — audit always runs","duration":3021.0382,"failureMessages":[],"meta":{}},{"ancestorTitles":["Audit Gate 2 — Category 4: logAudit patch verification","POST /api/admin/curriculum/reject — logAudit includes schoolId"],"fullName":"Audit Gate 2 — Category 4: logAudit patch verification POST /api/admin/curriculum/reject — logAudit includes schoolId calls logAudit with schoolId on successful rejection","status":"passed","title":"calls logAudit with schoolId on successful rejection","duration":7.182099999999991,"failureMessages":[],"meta":{}},{"ancestorTitles":["Audit Gate 2 — Category 4: logAudit patch verification","POST /api/admin/curriculum/reject — logAudit includes schoolId"],"fullName":"Audit Gate 2 — Category 4: logAudit patch verification POST /api/admin/curriculum/reject — logAudit includes schoolId includes hasRejectionReason in details when reason provided","status":"passed","title":"includes hasRejectionReason in details when reason provided","duration":1.9398000000001048,"failureMessages":[],"meta":{}},{"ancestorTitles":["Audit Gate 2 — Category 4: logAudit patch verification","POST /api/admin/curriculum/reject — logAudit includes schoolId"],"fullName":"Audit Gate 2 — Category 4: logAudit patch verification POST /api/admin/curriculum/reject — logAudit includes schoolId hasRejectionReason is false when no reason provided","status":"passed","title":"hasRejectionReason is false when no reason provided","duration":5.013600000000224,"failureMessages":[],"meta":{}},{"ancestorTitles":["Audit Gate 2 — Category 4: logAudit patch verification","POST /api/admin/curriculum/units — logAudit on create"],"fullName":"Audit Gate 2 — Category 4: logAudit patch verification POST /api/admin/curriculum/units — logAudit on create calls logAudit with action admin.unit.assembled and schoolId","status":"passed","title":"calls logAudit with action admin.unit.assembled and schoolId","duration":12.230900000000474,"failureMessages":[],"meta":{}},{"ancestorTitles":["Audit Gate 2 — Category 4: logAudit patch verification","POST /api/admin/curriculum/units — logAudit on create"],"fullName":"Audit Gate 2 — Category 4: logAudit patch verification POST /api/admin/curriculum/units — logAudit on create returns 503 when ENABLE_UNIT_ASSEMBLY flag is OFF","status":"passed","title":"returns 503 when ENABLE_UNIT_ASSEMBLY flag is OFF","duration":2.5419999999994616,"failureMessages":[],"meta":{}},{"ancestorTitles":["Audit Gate 2 — Category 4: logAudit patch verification","POST /api/student/labs/[labId]/session — logAudit on start"],"fullName":"Audit Gate 2 — Category 4: logAudit patch verification POST /api/student/labs/[labId]/session — logAudit on start calls logAudit with action lab.session.start on successful start","status":"passed","title":"calls logAudit with action lab.session.start on successful start","duration":3.0703999999996086,"failureMessages":[],"meta":{}},{"ancestorTitles":["Audit Gate 2 — Category 4: logAudit patch verification","POST /api/student/labs/[labId]/session — logAudit on start"],"fullName":"Audit Gate 2 — Category 4: logAudit patch verification POST /api/student/labs/[labId]/session — logAudit on start does NOT call logAudit when session already completed (returns early)","status":"passed","title":"does NOT call logAudit when session already completed (returns early)","duration":3.2138999999997395,"failureMessages":[],"meta":{}},{"ancestorTitles":["Audit Gate 2 — Category 4: logAudit patch verification","POST /api/student/labs/[labId]/session — logAudit on start"],"fullName":"Audit Gate 2 — Category 4: logAudit patch verification POST /api/student/labs/[labId]/session — logAudit on start returns 404 when ENABLE_VIRTUAL_LABS flag is OFF","status":"passed","title":"returns 404 when ENABLE_VIRTUAL_LABS flag is OFF","duration":11.71979999999985,"failureMessages":[],"meta":{}},{"ancestorTitles":["Audit Gate 2 — Category 4: logAudit patch verification","POST /api/student/labs/[labId]/session — logAudit on start"],"fullName":"Audit Gate 2 — Category 4: logAudit patch verification POST /api/student/labs/[labId]/session — logAudit on start returns 404 when no session exists for the student","status":"passed","title":"returns 404 when no session exists for the student","duration":5.536000000000058,"failureMessages":[],"meta":{}},{"ancestorTitles":["Audit Gate 2 — Category 4: logAudit patch verification","PATCH /api/student/labs/sessions/[sessionId] — logAudit on complete/update"],"fullName":"Audit Gate 2 — Category 4: logAudit patch verification PATCH /api/student/labs/sessions/[sessionId] — logAudit on complete/update calls logAudit with action lab.session.complete when completing with score","status":"passed","title":"calls logAudit with action lab.session.complete when completing with score","duration":3.6886999999996988,"failureMessages":[],"meta":{}},{"ancestorTitles":["Audit Gate 2 — Category 4: logAudit patch verification","PATCH /api/student/labs/sessions/[sessionId] — logAudit on complete/update"],"fullName":"Audit Gate 2 — Category 4: logAudit patch verification PATCH /api/student/labs/sessions/[sessionId] — logAudit on complete/update calls logAudit with action lab.session.update for partial update (no score/completedAt)","status":"passed","title":"calls logAudit with action lab.session.update for partial update (no score/completedAt)","duration":2.0418999999992593,"failureMessages":[],"meta":{}},{"ancestorTitles":["Audit Gate 2 — Category 4: logAudit patch verification","PATCH /api/student/labs/sessions/[sessionId] — logAudit on complete/update"],"fullName":"Audit Gate 2 — Category 4: logAudit patch verification PATCH /api/student/labs/sessions/[sessionId] — logAudit on complete/update returns 403 when session belongs to a different student","status":"passed","title":"returns 403 when session belongs to a different student","duration":1.5457000000005792,"failureMessages":[],"meta":{}},{"ancestorTitles":["Audit Gate 2 — Category 4: logAudit patch verification","PATCH /api/student/labs/sessions/[sessionId] — logAudit on complete/update"],"fullName":"Audit Gate 2 — Category 4: logAudit patch verification PATCH /api/student/labs/sessions/[sessionId] — logAudit on complete/update returns 403 when session belongs to a different school","status":"passed","title":"returns 403 when session belongs to a different school","duration":2.20929999999953,"failureMessages":[],"meta":{}},{"ancestorTitles":["Audit Gate 2 — Category 4: logAudit patch verification","PATCH /api/student/labs/sessions/[sessionId] — logAudit on complete/update"],"fullName":"Audit Gate 2 — Category 4: logAudit patch verification PATCH /api/student/labs/sessions/[sessionId] — logAudit on complete/update returns 404 when ENABLE_VIRTUAL_LABS flag is OFF","status":"passed","title":"returns 404 when ENABLE_VIRTUAL_LABS flag is OFF","duration":1.9909999999999854,"failureMessages":[],"meta":{}},{"ancestorTitles":["Audit Gate 2 — Category 5: Feature flag OFF returns 404","GET /api/teacher/curriculum/units — flag OFF"],"fullName":"Audit Gate 2 — Category 5: Feature flag OFF returns 404 GET /api/teacher/curriculum/units — flag OFF returns 404 and never calls requireRole when flag is OFF","status":"passed","title":"returns 404 and never calls requireRole when flag is OFF","duration":2.027200000000448,"failureMessages":[],"meta":{}},{"ancestorTitles":["Audit Gate 2 — Category 5: Feature flag OFF returns 404","GET /api/teacher/curriculum/units — flag OFF"],"fullName":"Audit Gate 2 — Category 5: Feature flag OFF returns 404 GET /api/teacher/curriculum/units — flag OFF returns JSON error body","status":"passed","title":"returns JSON error body","duration":4.334100000000035,"failureMessages":[],"meta":{}},{"ancestorTitles":["Audit Gate 2 — Category 5: Feature flag OFF returns 404","POST /api/admin/curriculum/units — flag OFF"],"fullName":"Audit Gate 2 — Category 5: Feature flag OFF returns 404 POST /api/admin/curriculum/units — flag OFF returns 503 (not 500) when ENABLE_UNIT_ASSEMBLY is OFF","status":"passed","title":"returns 503 (not 500) when ENABLE_UNIT_ASSEMBLY is OFF","duration":0.7351000000007843,"failureMessages":[],"meta":{}},{"ancestorTitles":["Audit Gate 2 — Category 5: Feature flag OFF returns 404","POST /api/student/labs/[labId]/session — flag OFF"],"fullName":"Audit Gate 2 — Category 5: Feature flag OFF returns 404 POST /api/student/labs/[labId]/session — flag OFF returns 404 (not 500) when ENABLE_VIRTUAL_LABS is OFF","status":"passed","title":"returns 404 (not 500) when ENABLE_VIRTUAL_LABS is OFF","duration":0.5682999999999083,"failureMessages":[],"meta":{}},{"ancestorTitles":["Audit Gate 2 — Category 5: Feature flag OFF returns 404","PATCH /api/student/labs/sessions/[sessionId] — flag OFF"],"fullName":"Audit Gate 2 — Category 5: Feature flag OFF returns 404 PATCH /api/student/labs/sessions/[sessionId] — flag OFF returns 404 (not 500) when ENABLE_VIRTUAL_LABS is OFF","status":"passed","title":"returns 404 (not 500) when ENABLE_VIRTUAL_LABS is OFF","duration":0.5715999999993073,"failureMessages":[],"meta":{}},{"ancestorTitles":["Audit Gate 2 — Category 2: RBAC enforcement","POST /api/admin/curriculum/units — requires ADMIN role"],"fullName":"Audit Gate 2 — Category 2: RBAC enforcement POST /api/admin/curriculum/units — requires ADMIN role returns 403 when a STUDENT tries to access the admin units route","status":"passed","title":"returns 403 when a STUDENT tries to access the admin units route","duration":2.5590999999994892,"failureMessages":[],"meta":{}},{"ancestorTitles":["Audit Gate 2 — Category 2: RBAC enforcement","PATCH /api/student/labs/sessions/[sessionId] — requires STUDENT role"],"fullName":"Audit Gate 2 — Category 2: RBAC enforcement PATCH /api/student/labs/sessions/[sessionId] — requires STUDENT role returns 403 when a TEACHER tries to complete a student lab session","status":"passed","title":"returns 403 when a TEACHER tries to complete a student lab session","duration":1.2484999999996944,"failureMessages":[],"meta":{}},{"ancestorTitles":["Audit Gate 2 — Category 1: Tenant isolation","POST /api/admin/curriculum/units — scoped to user.schoolId"],"fullName":"Audit Gate 2 — Category 1: Tenant isolation POST /api/admin/curriculum/units — scoped to user.schoolId passes schoolId from the authenticated user into unit assembly","status":"passed","title":"passes schoolId from the authenticated user into unit assembly","duration":6.115399999999681,"failureMessages":[],"meta":{}},{"ancestorTitles":["Audit Gate 2 — Category 1: Tenant isolation","PATCH /api/student/labs/sessions/[sessionId] — rejects cross-school access"],"fullName":"Audit Gate 2 — Category 1: Tenant isolation PATCH /api/student/labs/sessions/[sessionId] — rejects cross-school access returns 403 when session schoolId does not match student schoolId","status":"passed","title":"returns 403 when session schoolId does not match student schoolId","duration":1.1878999999998996,"failureMessages":[],"meta":{}},{"ancestorTitles":["Audit Gate 2 — Category 3: PII governance","POST /api/admin/curriculum/approve — no PII in response"],"fullName":"Audit Gate 2 — Category 3: PII governance POST /api/admin/curriculum/approve — no PII in response response contains only ok, contentId, status — no student or user data","status":"passed","title":"response contains only ok, contentId, status — no student or user data","duration":3038.774700000001,"failureMessages":[],"meta":{}},{"ancestorTitles":["Audit Gate 2 — Category 3: PII governance","PATCH /api/student/labs/sessions/[sessionId] — response has no cross-student data"],"fullName":"Audit Gate 2 — Category 3: PII governance PATCH /api/student/labs/sessions/[sessionId] — response has no cross-student data returns only the updated session fields — no other students' data","status":"passed","title":"returns only the updated session fields — no other students' data","duration":20.28939999999966,"failureMessages":[],"meta":{}}],"startTime":1774739422184,"endTime":1774739431394.2893,"status":"passed","message":"","name":"C:/Users/fasir/liberia-learn/__tests__/audit-gate-2-patches.test.ts"},{"assertionResults":[{"ancestorTitles":["audit immutability"],"fullName":"audit immutability logAudit creates a new record","status":"passed","title":"logAudit creates a new record","duration":17.590700000000027,"failureMessages":[],"meta":{}},{"ancestorTitles":["audit immutability"],"fullName":"audit immutability prisma middleware blocks AuditLog delete","status":"passed","title":"prisma middleware blocks AuditLog delete","duration":7.0908000000000015,"failureMessages":[],"meta":{}},{"ancestorTitles":["audit immutability"],"fullName":"audit immutability prisma middleware blocks AuditLog update","status":"passed","title":"prisma middleware blocks AuditLog update","duration":6.353799999999978,"failureMessages":[],"meta":{}},{"ancestorTitles":["audit immutability"],"fullName":"audit immutability blocks are bypassed when flag is off","status":"passed","title":"blocks are bypassed when flag is off","duration":3.9505000000000337,"failureMessages":[],"meta":{}}],"startTime":1774739500075,"endTime":1774739500109.9504,"status":"passed","message":"","name":"C:/Users/fasir/liberia-learn/__tests__/audit-immutability.test.ts"},{"assertionResults":[{"ancestorTitles":["logAudit"],"fullName":"logAudit creates an audit log entry","status":"passed","title":"creates an audit log entry","duration":14.624599999999987,"failureMessages":[],"meta":{}},{"ancestorTitles":["logAudit"],"fullName":"logAudit handles null userId gracefully","status":"passed","title":"handles null userId gracefully","duration":4.033699999999953,"failureMessages":[],"meta":{}},{"ancestorTitles":["logAudit"],"fullName":"logAudit does not throw on error","status":"passed","title":"does not throw on error","duration":22.261099999999942,"failureMessages":[],"meta":{}}],"startTime":1774739596853,"endTime":1774739596895.261,"status":"passed","message":"","name":"C:/Users/fasir/liberia-learn/__tests__/audit.test.ts"},{"assertionResults":[{"ancestorTitles":["auth helpers"],"fullName":"auth helpers requireUser throws 401 when no session","status":"passed","title":"requireUser throws 401 when no session","duration":80.91289999999981,"failureMessages":[],"meta":{}},{"ancestorTitles":["auth helpers"],"fullName":"auth helpers requireRole returns user when session is valid and role matches","status":"passed","title":"requireRole returns user when session is valid and role matches","duration":1.8148000000001048,"failureMessages":[],"meta":{}},{"ancestorTitles":["auth helpers"],"fullName":"auth helpers requireRole throws 403 when role does not match","status":"passed","title":"requireRole throws 403 when role does not match","duration":1.310799999999972,"failureMessages":[],"meta":{}},{"ancestorTitles":["auth helpers"],"fullName":"auth helpers requireUser denies stale sessions after password change","status":"passed","title":"requireUser denies stale sessions after password change","duration":2.2790999999999713,"failureMessages":[],"meta":{}},{"ancestorTitles":["auth helpers"],"fullName":"auth helpers authorizes student ID plus PIN","status":"passed","title":"authorizes student ID plus PIN","duration":13.017599999999902,"failureMessages":[],"meta":{}},{"ancestorTitles":["auth helpers"],"fullName":"auth helpers authorizes guardian phone plus PIN","status":"passed","title":"authorizes guardian phone plus PIN","duration":3.7360000000001037,"failureMessages":[],"meta":{}}],"startTime":1774739569090,"endTime":1774739569194.736,"status":"passed","message":"","name":"C:/Users/fasir/liberia-learn/__tests__/auth.test.ts"},{"assertionResults":[{"ancestorTitles":["GET /api/admin/compliance/audit-log — feature flags"],"fullName":"GET /api/admin/compliance/audit-log — feature flags returns 503 when circuit breaker is tripped","status":"passed","title":"returns 503 when circuit breaker is tripped","duration":13.797799999999825,"failureMessages":[],"meta":{}},{"ancestorTitles":["GET /api/admin/compliance/audit-log — feature flags"],"fullName":"GET /api/admin/compliance/audit-log — feature flags returns 403 when audit search is disabled","status":"passed","title":"returns 403 when audit search is disabled","duration":2.841699999999946,"failureMessages":[],"meta":{}},{"ancestorTitles":["GET /api/admin/compliance/audit-log — RBAC"],"fullName":"GET /api/admin/compliance/audit-log — RBAC returns 403 for TEACHER role","status":"passed","title":"returns 403 for TEACHER role","duration":1.410799999999881,"failureMessages":[],"meta":{}},{"ancestorTitles":["GET /api/admin/compliance/audit-log — RBAC"],"fullName":"GET /api/admin/compliance/audit-log — RBAC returns 401 for unauthenticated request","status":"passed","title":"returns 401 for unauthenticated request","duration":1.0845999999999094,"failureMessages":[],"meta":{}},{"ancestorTitles":["GET /api/admin/compliance/audit-log — tenant isolation"],"fullName":"GET /api/admin/compliance/audit-log — tenant isolation non-platform admin query is scoped to own schoolId","status":"passed","title":"non-platform admin query is scoped to own schoolId","duration":18.824100000000044,"failureMessages":[],"meta":{}},{"ancestorTitles":["GET /api/admin/compliance/audit-log — tenant isolation"],"fullName":"GET /api/admin/compliance/audit-log — tenant isolation non-platform admin cannot override schoolId via query param","status":"passed","title":"non-platform admin cannot override schoolId via query param","duration":9.845799999999826,"failureMessages":[],"meta":{}},{"ancestorTitles":["GET /api/admin/compliance/audit-log — tenant isolation"],"fullName":"GET /api/admin/compliance/audit-log — tenant isolation platform admin can query all schools (no schoolId filter by default)","status":"passed","title":"platform admin can query all schools (no schoolId filter by default)","duration":2.199100000000044,"failureMessages":[],"meta":{}},{"ancestorTitles":["GET /api/admin/compliance/audit-log — tenant isolation"],"fullName":"GET /api/admin/compliance/audit-log — tenant isolation platform admin can filter by specific schoolId","status":"passed","title":"platform admin can filter by specific schoolId","duration":1.7856999999999061,"failureMessages":[],"meta":{}},{"ancestorTitles":["GET /api/admin/compliance/audit-log — JSON shape"],"fullName":"GET /api/admin/compliance/audit-log — JSON shape returns correct pagination shape","status":"passed","title":"returns correct pagination shape","duration":8.559600000000046,"failureMessages":[],"meta":{}},{"ancestorTitles":["GET /api/admin/compliance/audit-log — JSON shape"],"fullName":"GET /api/admin/compliance/audit-log — JSON shape returns page 2 when requested","status":"passed","title":"returns page 2 when requested","duration":5.667000000000144,"failureMessages":[],"meta":{}},{"ancestorTitles":["GET /api/admin/compliance/audit-log — JSON shape"],"fullName":"GET /api/admin/compliance/audit-log — JSON shape applies action filter to where clause","status":"passed","title":"applies action filter to where clause","duration":5.393799999999828,"failureMessages":[],"meta":{}},{"ancestorTitles":["GET /api/admin/compliance/audit-log — JSON shape"],"fullName":"GET /api/admin/compliance/audit-log — JSON shape applies resourceType filter","status":"passed","title":"applies resourceType filter","duration":3.0321000000001277,"failureMessages":[],"meta":{}},{"ancestorTitles":["GET /api/admin/compliance/audit-log — CSV export"],"fullName":"GET /api/admin/compliance/audit-log — CSV export returns CSV when format=csv","status":"passed","title":"returns CSV when format=csv","duration":9.419799999999896,"failureMessages":[],"meta":{}},{"ancestorTitles":["GET /api/admin/compliance/audit-log — CSV export"],"fullName":"GET /api/admin/compliance/audit-log — CSV export CSV response body contains header row","status":"passed","title":"CSV response body contains header row","duration":2.401399999999967,"failureMessages":[],"meta":{}},{"ancestorTitles":["GET /api/admin/compliance/audit-log — CSV export"],"fullName":"GET /api/admin/compliance/audit-log — CSV export logs audit for CSV export","status":"passed","title":"logs audit for CSV export","duration":3.3361999999999625,"failureMessages":[],"meta":{}}],"startTime":1774739541230,"endTime":1774739541322.3362,"status":"passed","message":"","name":"C:/Users/fasir/liberia-learn/__tests__/compliance-audit.test.ts"},{"assertionResults":[{"ancestorTitles":["credential delivery route"],"fullName":"credential delivery route returns confirmation when SMS is sent","status":"passed","title":"returns confirmation when SMS is sent","duration":26.388799999999947,"failureMessages":[],"meta":{}},{"ancestorTitles":["credential delivery route"],"fullName":"credential delivery route returns a print fallback error when no phone exists","status":"passed","title":"returns a print fallback error when no phone exists","duration":3.0810999999998785,"failureMessages":[],"meta":{}},{"ancestorTitles":["credential card page + homepage"],"fullName":"credential card page + homepage renders print layout with name, ID, PIN, and website","status":"passed","title":"renders print layout with name, ID, PIN, and website","duration":14.849900000000162,"failureMessages":[],"meta":{}},{"ancestorTitles":["credential card page + homepage"],"fullName":"credential card page + homepage homepage exposes the MOE login link","status":"passed","title":"homepage exposes the MOE login link","duration":20.364199999999983,"failureMessages":[],"meta":{}}],"startTime":1774739577831,"endTime":1774739577896.3643,"status":"passed","message":"","name":"C:/Users/fasir/liberia-learn/__tests__/credential.delivery.test.tsx"},{"assertionResults":[{"ancestorTitles":["Gap 4: streaming CSV export — audit-log route"],"fullName":"Gap 4: streaming CSV export — audit-log route response body is a ReadableStream (streaming — not a plain string)","status":"passed","title":"response body is a ReadableStream (streaming — not a plain string)","duration":331.9303,"failureMessages":[],"meta":{}},{"ancestorTitles":["Gap 4: streaming CSV export — audit-log route"],"fullName":"Gap 4: streaming CSV export — audit-log route first chunk includes CSV column header","status":"passed","title":"first chunk includes CSV column header","duration":7.973099999999931,"failureMessages":[],"meta":{}},{"ancestorTitles":["Gap 4: streaming CSV export — audit-log route"],"fullName":"Gap 4: streaming CSV export — audit-log route response rows include audit log data","status":"passed","title":"response rows include audit log data","duration":9.531300000000101,"failureMessages":[],"meta":{}},{"ancestorTitles":["Gap 4: streaming CSV export — audit-log route"],"fullName":"Gap 4: streaming CSV export — audit-log route makes multiple findMany calls when first chunk is exactly CHUNK_SIZE (pagination)","status":"passed","title":"makes multiple findMany calls when first chunk is exactly CHUNK_SIZE (pagination)","duration":7.841100000000097,"failureMessages":[],"meta":{}},{"ancestorTitles":["Gap 4: streaming CSV export — audit-log route"],"fullName":"Gap 4: streaming CSV export — audit-log route second DB fetch uses cursor from last row i
[...]
hedule responses","duration":12.204899999999725,"failureMessages":[],"meta":{}},{"ancestorTitles":["Concurrency Guard 3 — Lab session race condition safety"],"fullName":"Concurrency Guard 3 — Lab session race condition safety two students starting the same lab simultaneously each get their own session","status":"passed","title":"two students starting the same lab simultaneously each get their own session","duration":4.699999999999818,"failureMessages":[],"meta":{}},{"ancestorTitles":["Concurrency Guard 3 — Lab session race condition safety"],"fullName":"Concurrency Guard 3 — Lab session race condition safety student cannot start another student's lab session (wrong studentId in WHERE clause)","status":"passed","title":"student cannot start another student's lab session (wrong studentId in WHERE clause)","duration":4.726400000000012,"failureMessages":[],"meta":{}},{"ancestorTitles":["Concurrency Guard 3 — Lab session race condition safety"],"fullName":"Concurrency Guard 3 — Lab session race condition safety two concurrent teacher lab-link operations create separate LabSession sets","status":"passed","title":"two concurrent teacher lab-link operations create separate LabSession sets","duration":7.0320999999999,"failureMessages":[],"meta":{}},{"ancestorTitles":["Concurrency Guard 4 — sessionPairId uniqueness under concurrent scheduling"],"fullName":"Concurrency Guard 4 — sessionPairId uniqueness under concurrent scheduling 100 concurrent A/B schedule POSTs produce 100 unique sessionPairIds","status":"passed","title":"100 concurrent A/B schedule POSTs produce 100 unique sessionPairIds","duration":60.70699999999988,"failureMessages":[],"meta":{}},{"ancestorTitles":["Concurrency Guard 4 — sessionPairId uniqueness under concurrent scheduling"],"fullName":"Concurrency Guard 4 — sessionPairId uniqueness under concurrent scheduling sessionPairId is generated fresh per request using randomUUID — not shared across requests","status":"passed","title":"sessionPairId is generated fresh per request using randomUUID — not shared across requests","duration":6.407600000000002,"failureMessages":[],"meta":{}},{"ancestorTitles":["Concurrency Guard 4 — sessionPairId uniqueness under concurrent scheduling"],"fullName":"Concurrency Guard 4 — sessionPairId uniqueness under concurrent scheduling no A/B pairing occurs when flag is OFF — no sessionPairId generated","status":"passed","title":"no A/B pairing occurs when flag is OFF — no sessionPairId generated","duration":1.7343000000000757,"failureMessages":[],"meta":{}}],"startTime":1774739470245,"endTime":1774739470558.7344,"status":"passed","message":"","name":"C:/Users/fasir/liberia-learn/__tests__/load/concurrencyGuards.test.ts"},{"assertionResults":[{"ancestorTitles":["National Scale Smoke Test — 10 parallel school contexts"],"fullName":"National Scale Smoke Test — 10 parallel school contexts Step 1 — Schedule lesson: 10 schools each schedule independently","status":"passed","title":"Step 1 — Schedule lesson: 10 schools each schedule independently","duration":41.547000000000025,"failureMessages":[],"meta":{}},{"ancestorTitles":["National Scale Smoke Test — 10 parallel school contexts"],"fullName":"National Scale Smoke Test — 10 parallel school contexts Step 2 — Lab auto-link: teacher links lab for each school (no cross-school sessions)","status":"passed","title":"Step 2 — Lab auto-link: teacher links lab for each school (no cross-school sessions)","duration":36.51680000000033,"failureMessages":[],"meta":{}},{"ancestorTitles":["National Scale Smoke Test — 10 parallel school contexts"],"fullName":"National Scale Smoke Test — 10 parallel school contexts Step 3 — Student starts lab: 10 students across 10 schools start simultaneously","status":"passed","title":"Step 3 — Student starts lab: 10 students across 10 schools start simultaneously","duration":12.34650000000056,"failureMessages":[],"meta":{}},{"ancestorTitles":["National Scale Smoke Test — 10 parallel school contexts"],"fullName":"National Scale Smoke Test — 10 parallel school contexts Step 4 — Student completes lab: 10 completions with mastery update, no cross-school data","status":"passed","title":"Step 4 — Student completes lab: 10 completions with mastery update, no cross-school data","duration":30.824400000000423,"failureMessages":[],"meta":{}},{"ancestorTitles":["National Scale Smoke Test — 10 parallel school contexts"],"fullName":"National Scale Smoke Test — 10 parallel school contexts Step 5 — Teacher views delivery report: 10 schedule GETs with compliance data scoped","status":"passed","title":"Step 5 — Teacher views delivery report: 10 schedule GETs with compliance data scoped","duration":48.759000000000015,"failureMessages":[],"meta":{}},{"ancestorTitles":["National Scale Smoke Test — 10 parallel school contexts"],"fullName":"National Scale Smoke Test — 10 parallel school contexts Full flow — all 5 steps complete for 10 schools with no cross-contamination","status":"passed","title":"Full flow — all 5 steps complete for 10 schools with no cross-contamination","duration":62.556799999999384,"failureMessages":[],"meta":{}},{"ancestorTitles":["Load Harness — Tier simulations (mock handlers, no DB)"],"fullName":"Load Harness — Tier simulations (mock handlers, no DB) Tier 1 (100 schools): p95 teacher schedule < 800ms, student work < 500ms, error rate < 0.1%","status":"passed","title":"Tier 1 (100 schools): p95 teacher schedule < 800ms, student work < 500ms, error rate < 0.1%","duration":1207.9228000000003,"failureMessages":[],"meta":{}},{"ancestorTitles":["Load Harness — Tier simulations (mock handlers, no DB)"],"fullName":"Load Harness — Tier simulations (mock handlers, no DB) Tier 2 (500 schools): p95 teacher schedule < 800ms, student work < 500ms, error rate < 0.1%","status":"passed","title":"Tier 2 (500 schools): p95 teacher schedule < 800ms, student work < 500ms, error rate < 0.1%","duration":6510.0632,"failureMessages":[],"meta":{}},{"ancestorTitles":["Load Harness — Tier simulations (mock handlers, no DB)"],"fullName":"Load Harness — Tier simulations (mock handlers, no DB) Tier 3 (1,000 schools — stretch): measures performance, reports result","status":"passed","title":"Tier 3 (1,000 schools — stretch): measures performance, reports result","duration":14406.845800000001,"failureMessages":[],"meta":{}},{"ancestorTitles":["Load Harness — Tier simulations (mock handlers, no DB)"],"fullName":"Load Harness — Tier simulations (mock handlers, no DB) Tier 4 (2,500 schools): \"national-scale\" synthetic benchmark warns on misses only","status":"passed","title":"Tier 4 (2,500 schools): \"national-scale\" synthetic benchmark warns on misses only","duration":21381.385899999997,"failureMessages":[],"meta":{}},{"ancestorTitles":["Load Harness — Tier simulations (mock handlers, no DB)"],"fullName":"Load Harness — Tier simulations (mock handlers, no DB) Tier 5 (5,000 schools): \"beyond-national-scale\" performance ceiling warns on misses only","status":"passed","title":"Tier 5 (5,000 schools): \"beyond-national-scale\" performance ceiling warns on misses only","duration":39234.5004,"failureMessages":[],"meta":{}},{"ancestorTitles":["Load Harness — Tier simulations (mock handlers, no DB)"],"fullName":"Load Harness — Tier simulations (mock handlers, no DB) Tier 6 (10,000 schools): \"stress-test informational only\" reports p95, p99, error rate, throughput","status":"passed","title":"Tier 6 (10,000 schools): \"stress-test informational only\" reports p95, p99, error rate, throughput","duration":70159.51200000002,"failureMessages":[],"meta":{}},{"ancestorTitles":["Load Harness — Tier simulations (mock handlers, no DB)"],"fullName":"Load Harness — Tier simulations (mock handlers, no DB) session generation produces correct counts for all tiers","status":"passed","title":"session generation produces correct counts for all tiers","duration":194.08170000000973,"failureMessages":[],"meta":{}},{"ancestorTitles":["Load Harness — Tier simulations (mock handlers, no DB)"],"fullName":"Load Harness — Tier simulations (mock handlers, no DB) percentile calculation is correct","status":"passed","title":"percentile calculation is correct","duration":0.7343999999866355,"failureMessages":[],"meta":{}},{"ancestorTitles":["Load Harness — Tier simulations (mock handlers, no DB)"],"fullName":"Load Harness — Tier simulations (mock handlers, no DB) error rate calculation is correct","status":"passed","title":"error rate calculation is correct","duration":0.6468999999924563,"failureMessages":[],"meta":{}}],"startTime":1774739408988,"endTime":1774739562326.647,"status":"passed","message":"","name":"C:/Users/fasir/liberia-learn/__tests__/load/nationalScaleSmoke.test.ts"},{"assertionResults":[{"ancestorTitles":["AuditLog composite index migration (Gap 3)"],"fullName":"AuditLog composite index migration (Gap 3) migration directory exists","status":"passed","title":"migration directory exists","duration":2.6961000000000013,"failureMessages":[],"meta":{}},{"ancestorTitles":["AuditLog composite index migration (Gap 3)"],"fullName":"AuditLog composite index migration (Gap 3) migration.sql file exists","status":"passed","title":"migration.sql file exists","duration":0.6100999999999885,"failureMessages":[],"meta":{}},{"ancestorTitles":["AuditLog composite index migration (Gap 3)"],"fullName":"AuditLog composite index migration (Gap 3) contains the correct index name","status":"passed","title":"contains the correct index name","duration":15.068899999999985,"failureMessages":[],"meta":{}},{"ancestorTitles":["AuditLog composite index migration (Gap 3)"],"fullName":"AuditLog composite index migration (Gap 3) creates index on the AuditLog table","status":"passed","title":"creates index on the AuditLog table","duration":1.4929999999999382,"failureMessages":[],"meta":{}},{"ancestorTitles":["AuditLog composite index migration (Gap 3)"],"fullName":"AuditLog composite index migration (Gap 3) index covers schoolId, action, createdAt columns","status":"passed","title":"index covers schoolId, action, createdAt columns","duration":0.6182999999999765,"failureMessages":[],"meta":{}}],"startTime":1774739605842,"endTime":1774739605862.6184,"status":"passed","message":"","name":"C:/Users/fasir/liberia-learn/__tests__/migrations/auditlog-index.test.ts"},{"assertionResults":[{"ancestorTitles":["RR-7 Offline Acceptance Harness"],"fullName":"RR-7 Offline Acceptance Harness Scenario 1: lesson completion is queued offline with pending status","status":"passed","title":"Scenario 1: lesson completion is queued offline with pending status","duration":16.181699999999978,"failureMessages":[],"meta":{}},{"ancestorTitles":["RR-7 Offline Acceptance Harness"],"fullName":"RR-7 Offline Acceptance Harness Scenario 2: lab session update is queued offline with pending status","status":"passed","title":"Scenario 2: lab session update is queued offline with pending status","duration":2.0317000000000007,"failureMessages":[],"meta":{}},{"ancestorTitles":["RR-7 Offline Acceptance Harness"],"fullName":"RR-7 Offline Acceptance Harness Scenario 3: lesson delivery is queued offline with pending status","status":"passed","title":"Scenario 3: lesson delivery is queued offline with pending status","duration":4.1177000000000135,"failureMessages":[],"meta":{}},{"ancestorTitles":["RR-7 Offline Acceptance Harness"],"fullName":"RR-7 Offline Acceptance Harness Scenario 4: multiple queued items drain in FIFO (createdAt) order","status":"passed","title":"Scenario 4: multiple queued items drain in FIFO (createdAt) order","duration":1.2201000000000022,"failureMessages":[],"meta":{}},{"ancestorTitles":["RR-7 Offline Acceptance Harness"],"fullName":"RR-7 Offline Acceptance Harness Scenario 5: re-enqueuing same opType + scheduledWorkId is idempotent (no duplicate, payload updated)","status":"passed","title":"Scenario 5: re-enqueuing same opType + scheduledWorkId is idempotent (no duplicate, payload updated)","duration":0.7989000000000033,"failureMessages":[],"meta":{}},{"ancestorTitles":["RR-7 Offline Acceptance Harness"],"fullName":"RR-7 Offline Acceptance Harness Scenario 6: successful sync removes item from queue","status":"passed","title":"Scenario 6: successful sync removes item from queue","duration":1.1566000000000258,"failureMessages":[],"meta":{}},{"ancestorTitles":["RR-7 Offline Acceptance Harness"],"fullName":"RR-7 Offline Acceptance Harness Scenario 7: item becomes dead-letter after max failures and is excluded from ready queue","status":"passed","title":"Scenario 7: item becomes dead-letter after max failures and is excluded from ready queue","duration":2.2568999999999733,"failureMessages":[],"meta":{}},{"ancestorTitles":["RR-7 Offline Acceptance Harness"],"fullName":"RR-7 Offline Acceptance Harness Scenario 8: conflict detected → excluded from ready queue; retryConflicts resets to pending","status":"passed","title":"Scenario 8: conflict detected → excluded from ready queue; retryConflicts resets to pending","duration":1.565499999999929,"failureMessages":[],"meta":{}}],"startTime":1774739584716,"endTime":1774739584745.5654,"status":"passed","message":"","name":"C:/Users/fasir/liberia-learn/__tests__/offline/offlineAcceptance.test.ts"},{"assertionResults":[{"ancestorTitles":["Gap 1: offline queue wiring","POST /api/student/work/[scheduledWorkId]/complete"],"fullName":"Gap 1: offline queue wiring POST /api/student/work/[scheduledWorkId]/complete returns 200 and enqueues a lesson.completed item","status":"passed","title":"returns 200 and enqueues a lesson.completed item","duration":384.59680000000003,"failureMessages":[],"meta":{}},{"ancestorTitles":["Gap 1: offline queue wiring","POST /api/student/work/[scheduledWorkId]/complete"],"fullName":"Gap 1: offline queue wiring POST /api/student/work/[scheduledWorkId]/complete enqueued item has userId in payload","status":"passed","title":"enqueued item has userId in payload","duration":10.761600000000044,"failureMessages":[],"meta":{}},{"ancestorTitles":["Gap 1: offline queue wiring","POST /api/student/work/[scheduledWorkId]/complete"],"fullName":"Gap 1: offline queue wiring POST /api/student/work/[scheduledWorkId]/complete enqueued item has completedAt in payload","status":"passed","title":"enqueued item has completedAt in payload","duration":9.0942,"failureMessages":[],"meta":{}},{"ancestorTitles":["Gap 1: offline queue wiring","POST /api/student/work/[scheduledWorkId]/complete"],"fullName":"Gap 1: offline queue wiring POST /api/student/work/[scheduledWorkId]/complete enqueuing is idempotent — re-completing does not duplicate queue entry","status":"passed","title":"enqueuing is idempotent — re-completing does not duplicate queue entry","duration":11.565600000000131,"failureMessages":[],"meta":{}},{"ancestorTitles":["Gap 1: offline queue wiring","POST /api/student/work/[scheduledWorkId]/complete"],"fullName":"Gap 1: offline queue wiring POST /api/student/work/[scheduledWorkId]/complete queue error does NOT cause route to return 500","status":"passed","title":"queue error does NOT cause route to return 500","duration":8.591599999999744,"failureMessages":[],"meta":{}},{"ancestorTitles":["Gap 1: offline queue wiring","PATCH /api/student/labs/sessions/[sessionId]"],"fullName":"Gap 1: offline queue wiring PATCH /api/student/labs/sessions/[sessionId] returns 200 and enqueues a lab.session.update item","status":"passed","title":"returns 200 and enqueues a lab.session.update item","duration":18.166299999999865,"failureMessages":[],"meta":{}},{"ancestorTitles":["Gap 1: offline queue wiring","PATCH /api/student/labs/sessions/[sessionId]"],"fullName":"Gap 1: offline queue wiring PATCH /api/student/labs/sessions/[sessionId] enqueued item payload includes userId","status":"passed","title":"enqueued item payload includes userId","duration":4.233100000000377,"failureMessages":[],"meta":{}},{"ancestorTitles":["Gap 1: offline queue wiring","PATCH /api/student/labs/sessions/[sessionId]"],"fullName":"Gap 1: offline queue wiring PATCH /api/student/labs/sessions/[sessionId] enqueuing is idempotent for same session","status":"passed","title":"enqueuing is idempotent for same session","duration":6.667899999999918,"failureMessages":[],"meta":{}},{"ancestorTitles":["Gap 1: offline queue wiring","PATCH /api/teacher/schedule/[id]/deliver"],"fullName":"Gap 1: offline queue wiring PATCH /api/teacher/schedule/[id]/deliver returns 200 and enqueues a lesson.delivered item","status":"passed","title":"returns 200 and enqueues a lesson.delivered item","duration":176.89150000000018,"failureMessages":[],"meta":{}},{"ancestorTitles":["Gap 1: offline queue wiring","PATCH /api/teacher/schedule/[id]/deliver"],"fullName":"Gap 1: offline queue wiring PATCH /api/teacher/schedule/[id]/deliver enqueued payload has teacherId and classId","status":"passed","title":"enqueued payload has teacherId and classId","duration":2.1896999999999025,"failureMessages":[],"meta":{}},{"ancestorTitles":["Gap 1: offline queue wiring","PATCH /api/teacher/schedule/[id]/deliver"],"fullName":"Gap 1: offline queue wiring PATCH /api/teacher/schedule/[id]/deliver enqueuing is idempotent for same scheduled work","status":"passed","title":"enqueuing is idempotent for same scheduled work","duration":6.245899999999892,"failureMessages":[],"meta":{}}],"startTime":1774739484916,"endTime":1774739485559.2458,"status":"passed","message":"","name":"C:/Users/fasir/liberia-learn/__tests__/offline/queue-wiring.test.ts"},{"assertionResults":[{"ancestorTitles":["enqueueJob"],"fullName":"enqueueJob sends the job to SQS with group and deduplication ids","status":"passed","title":"sends the job to SQS with group and deduplication ids","duration":29.929200000000037,"failureMessages":[],"meta":{}},{"ancestorTitles":["enqueueJob"],"fullName":"enqueueJob skips enqueue when SQS_QUEUE_URL is missing","status":"passed","title":"skips enqueue when SQS_QUEUE_URL is missing","duration":12.49369999999999,"failureMessages":[],"meta":{}}],"startTime":1774739523822,"endTime":1774739523864.4937,"status":"passed","message":"","name":"C:/Users/fasir/liberia-learn/__tests__/worker/queue.test.ts"},{"assertionResults":[{"ancestorTitles":["handleSnapshotAnalyticsJob"],"fullName":"handleSnapshotAnalyticsJob writes daily analytics snapshots to primary and RDS clients","status":"passed","title":"writes daily analytics snapshots to primary and RDS clients","duration":12.309200000000033,"failureMessages":[],"meta":{}},{"ancestorTitles":["handleSnapshotAnalyticsJob"],"fullName":"handleSnapshotAnalyticsJob logs RDS failures without failing the primary write","status":"passed","title":"logs RDS failures without failing the primary write","duration":7.496300000000019,"failureMessages":[],"meta":{}}],"startTime":1774739608971,"endTime":1774739608990.4963,"status":"passed","message":"","name":"C:/Users/fasir/liberia-learn/__tests__/worker/handlers/analytics.test.ts"},{"assertionResults":[{"ancestorTitles":["handleGenerateEmbeddingsJob"],"fullName":"handleGenerateEmbeddingsJob uses routedEmbedding, persists the embedding, and syncs RAG chunks","status":"passed","title":"uses routedEmbedding, persists the embedding, and syncs RAG chunks","duration":7.785499999999956,"failureMessages":[],"meta":{}}],"startTime":1774739621665,"endTime":1774739621672.7854,"status":"passed","message":"","name":"C:/Users/fasir/liberia-learn/__tests__/worker/handlers/embeddings.test.ts"},{"assertionResults":[{"ancestorTitles":["handleSendSmsJob"],"fullName":"handleSendSmsJob sends SMS through the shared helper","status":"passed","title":"sends SMS through the shared helper","duration":10.55099999999993,"failureMessages":[],"meta":{}},{"ancestorTitles":["handleSendSmsJob"],"fullName":"handleSendSmsJob throws when the helper reports failure","status":"passed","title":"throws when the helper reports failure","duration":2.7110999999999876,"failureMessages":[],"meta":{}}],"startTime":1774739613824,"endTime":1774739613837.7112,"status":"passed","message":"","name":"C:/Users/fasir/liberia-learn/__tests__/worker/handlers/sms.test.ts"}]}