{"numTotalTestSuites":505,"numPassedTestSuites":505,"numFailedTestSuites":0,"numPendingTestSuites":0,"numTotalTests":1367,"numPassedTests":1367,"numFailedTests":0,"numPendingTests":0,"numTodoTests":0,"snapshot":{"added":0,"failure":false,"filesAdded":0,"filesRemoved":0,"filesRemovedList":[],"filesUnmatched":0,"filesUpdated":0,"matched":0,"total":0,"unchecked":0,"uncheckedKeysByFile":[],"unmatched":0,"updated":0,"didUpdate":false},"startTime":1774892604733,"success":true,"testResults":[{"assertionResults":[{"ancestorTitles":["POST /api/teacher/schedule — A/B block pairing"],"fullName":"POST /api/teacher/schedule — A/B block pairing returns no suggestedPair in response when A/B flag is OFF","status":"passed","title":"returns no suggestedPair in response when A/B flag is OFF","duration":9.325499999999977,"failureMessages":[],"meta":{}},{"ancestorTitles":["POST /api/teacher/schedule — A/B block pairing"],"fullName":"POST /api/teacher/schedule — A/B block pairing does not create sibling when classFormat=standard","status":"passed","title":"does not create sibling when classFormat=standard","duration":1.2275000000000205,"failureMessages":[],"meta":{}},{"ancestorTitles":["POST /api/teacher/schedule — A/B block pairing"],"fullName":"POST /api/teacher/schedule — A/B block pairing does not create sibling when classFormat is omitted","status":"passed","title":"does not create sibling when classFormat is omitted","duration":1.3876999999999953,"failureMessages":[],"meta":{}},{"ancestorTitles":["POST /api/teacher/schedule — A/B block pairing"],"fullName":"POST /api/teacher/schedule — A/B block pairing does not create sibling when classFormat=block_a but content has no splitPoint","status":"passed","title":"does not create sibling when classFormat=block_a but content has no splitPoint","duration":1.0289000000000215,"failureMessages":[],"meta":{}},{"ancestorTitles":["POST /api/teacher/schedule — A/B block pairing"],"fullName":"POST /api/teacher/schedule — A/B block pairing does not create sibling when content has no deliveryProfile at all","status":"passed","title":"does not create sibling when content has no deliveryProfile at all","duration":1.0072000000000116,"failureMessages":[],"meta":{}},{"ancestorTitles":["POST /api/teacher/schedule — A/B block pairing"],"fullName":"POST /api/teacher/schedule — A/B block pairing creates sibling when classFormat=block_a, splitPoint present, flag ON","status":"passed","title":"creates sibling when classFormat=block_a, splitPoint present, flag ON","duration":1.5552000000000135,"failureMessages":[],"meta":{}},{"ancestorTitles":["POST /api/teacher/schedule — A/B block pairing"],"fullName":"POST /api/teacher/schedule — A/B block pairing sibling has classFormat=block_b when primary is block_a","status":"passed","title":"sibling has classFormat=block_b when primary is block_a","duration":0.6614000000000146,"failureMessages":[],"meta":{}},{"ancestorTitles":["POST /api/teacher/schedule — A/B block pairing"],"fullName":"POST /api/teacher/schedule — A/B block pairing sibling date is +2 days from primary scheduledDate","status":"passed","title":"sibling date is +2 days from primary scheduledDate","duration":0.5818000000000438,"failureMessages":[],"meta":{}},{"ancestorTitles":["POST /api/teacher/schedule — A/B block pairing"],"fullName":"POST /api/teacher/schedule — A/B block pairing both primary and sibling share the same sessionPairId","status":"passed","title":"both primary and sibling share the same sessionPairId","duration":0.664100000000019,"failureMessages":[],"meta":{}},{"ancestorTitles":["POST /api/teacher/schedule — A/B block pairing"],"fullName":"POST /api/teacher/schedule — A/B block pairing primary has status=confirmed, sibling has status=suggested","status":"passed","title":"primary has status=confirmed, sibling has status=suggested","duration":0.8268000000000484,"failureMessages":[],"meta":{}},{"ancestorTitles":["POST /api/teacher/schedule — A/B block pairing"],"fullName":"POST /api/teacher/schedule — A/B block pairing response includes suggestedPair with id, classFormat, scheduledDate, status","status":"passed","title":"response includes suggestedPair with id, classFormat, scheduledDate, status","duration":1.0815000000000055,"failureMessages":[],"meta":{}},{"ancestorTitles":["POST /api/teacher/schedule — A/B block pairing"],"fullName":"POST /api/teacher/schedule — A/B block pairing sibling has classFormat=block_a when primary is block_b","status":"passed","title":"sibling has classFormat=block_a when primary is block_b","duration":0.5681999999999903,"failureMessages":[],"meta":{}}],"startTime":1774892747072,"endTime":1774892747092.568,"status":"passed","message":"","name":"C:/Users/fasir/liberia-learn/__tests__/ab-block-scheduling.test.ts"},{"assertionResults":[{"ancestorTitles":["RR-3 account recovery"],"fullName":"RR-3 account recovery forgot password is non-enumerating for unknown email","status":"passed","title":"forgot password is non-enumerating for unknown email","duration":9.564099999999996,"failureMessages":[],"meta":{}},{"ancestorTitles":["RR-3 account recovery"],"fullName":"RR-3 account recovery forgot password returns 429 when rate limited","status":"passed","title":"forgot password returns 429 when rate limited","duration":1.1182000000000016,"failureMessages":[],"meta":{}},{"ancestorTitles":["RR-3 account recovery"],"fullName":"RR-3 account recovery reset rejects expired tokens","status":"passed","title":"reset rejects expired tokens","duration":2.5276000000000067,"failureMessages":[],"meta":{}},{"ancestorTitles":["RR-3 account recovery"],"fullName":"RR-3 account recovery reset rejects reused tokens","status":"passed","title":"reset rejects reused tokens","duration":1.3100000000000023,"failureMessages":[],"meta":{}},{"ancestorTitles":["RR-3 account recovery"],"fullName":"RR-3 account recovery account recovery routes return 404 when flag is off","status":"passed","title":"account recovery routes return 404 when flag is off","duration":1.0600999999999772,"failureMessages":[],"meta":{}}],"startTime":1774892752487,"endTime":1774892752503.06,"status":"passed","message":"","name":"C:/Users/fasir/liberia-learn/__tests__/account-recovery.test.ts"},{"assertionResults":[{"ancestorTitles":["detectMasteryGaps"],"fullName":"detectMasteryGaps returns empty array when student has no assessment history","status":"passed","title":"returns empty array when student has no assessment history","duration":5.005700000000047,"failureMessages":[],"meta":{}},{"ancestorTitles":["detectMasteryGaps"],"fullName":"detectMasteryGaps identifies gaps where averageScore < 0.70","status":"passed","title":"identifies gaps where averageScore < 0.70","duration":4.752099999999928,"failureMessages":[],"meta":{}},{"ancestorTitles":["detectMasteryGaps"],"fullName":"detectMasteryGaps excludes strands where averageScore >= 0.70","status":"passed","title":"excludes strands where averageScore >= 0.70","duration":0.795699999999897,"failureMessages":[],"meta":{}},{"ancestorTitles":["detectMasteryGaps"],"fullName":"detectMasteryGaps sorts gaps weakest first","status":"passed","title":"sorts gaps weakest first","duration":0.6974999999999909,"failureMessages":[],"meta":{}}],"startTime":1774892784496,"endTime":1774892784507.6975,"status":"passed","message":"","name":"C:/Users/fasir/liberia-learn/__tests__/adaptive.gap-detector.test.ts"},{"assertionResults":[{"ancestorTitles":["POST /api/student/adaptive/practice"],"fullName":"POST /api/student/adaptive/practice returns 404 when no gap found for strandCode","status":"passed","title":"returns 404 when no gap found for strandCode","duration":13.849100000000021,"failureMessages":[],"meta":{}},{"ancestorTitles":["POST /api/student/adaptive/practice"],"fullName":"POST /api/student/adaptive/practice returns practice set with 5 questions","status":"passed","title":"returns practice set with 5 questions","duration":4.70900000000006,"failureMessages":[],"meta":{}},{"ancestorTitles":["POST /api/student/adaptive/practice"],"fullName":"POST /api/student/adaptive/practice requires STUDENT session (401 if missing)","status":"passed","title":"requires STUDENT session (401 if missing)","duration":8.166499999999928,"failureMessages":[],"meta":{}},{"ancestorTitles":["POST /api/student/adaptive/practice"],"fullName":"POST /api/student/adaptive/practice returns 404 when ENABLE_ADAPTIVE_ENGINE is false","status":"passed","title":"returns 404 when ENABLE_ADAPTIVE_ENGINE is false","duration":1.3077999999999292,"failureMessages":[],"meta":{}}],"startTime":1774892745057,"endTime":1774892745086.3079,"status":"passed","message":"","name":"C:/Users/fasir/liberia-learn/__tests__/adaptive.practice.route.test.ts"},{"assertionResults":[{"ancestorTitles":["POST /api/student/adaptive/submit"],"fullName":"POST /api/student/adaptive/submit saves attempt and returns score","status":"passed","title":"saves attempt and returns score","duration":10.78570000000002,"failureMessages":[],"meta":{}},{"ancestorTitles":["POST /api/student/adaptive/submit"],"fullName":"POST /api/student/adaptive/submit passed=true when score >= 0.70","status":"passed","title":"passed=true when score >= 0.70","duration":1.325900000000047,"failureMessages":[],"meta":{}},{"ancestorTitles":["POST /api/student/adaptive/submit"],"fullName":"POST /api/student/adaptive/submit passed=false when score < 0.70","status":"passed","title":"passed=false when score < 0.70","duration":1.4278000000000475,"failureMessages":[],"meta":{}},{"ancestorTitles":["POST /api/student/adaptive/submit"],"fullName":"POST /api/student/adaptive/submit returns nextTier in response","status":"passed","title":"returns nextTier in response","duration":1.5410999999999149,"failureMessages":[],"meta":{}},{"ancestorTitles":["POST /api/student/adaptive/submit"],"fullName":"POST /api/student/adaptive/submit requires STUDENT session","status":"passed","title":"requires STUDENT session","duration":6.794299999999907,"failureMessages":[],"meta":{}}],"startTime":1774892740126,"endTime":1774892740148.7942,"status":"passed","message":"","name":"C:/Users/fasir/liberia-learn/__tests__/adaptive.submit.route.test.ts"},{"assertionResults":[{"ancestorTitles":["GET /api/teacher/dashboard adaptiveStats"],"fullName":"GET /api/teacher/dashboard adaptiveStats adaptiveStats returns zeros when no attempts exist","status":"passed","title":"adaptiveStats returns zeros when no attempts exist","duration":8.048999999999978,"failureMessages":[],"meta":{}},{"ancestorTitles":["GET /api/teacher/dashboard adaptiveStats"],"fullName":"GET /api/teacher/dashboard adaptiveStats studentsWithGaps counts correctly","status":"passed","title":"studentsWithGaps counts correctly","duration":1.290900000000022,"failureMessages":[],"meta":{}},{"ancestorTitles":["GET /api/teacher/dashboard adaptiveStats"],"fullName":"GET /api/teacher/dashboard adaptiveStats topWeakStrands returns top 3","status":"passed","title":"topWeakStrands returns top 3","duration":0.9681999999999675,"failureMessages":[],"meta":{}}],"startTime":1774892785756,"endTime":1774892785766.9683,"status":"passed","message":"","name":"C:/Users/fasir/liberia-learn/__tests__/adaptive.teacher-dashboard.test.ts"},{"assertionResults":[{"ancestorTitles":["admin placements route"],"fullName":"admin placements route is school-scoped for admins","status":"passed","title":"is school-scoped for admins","duration":378.7267999999999,"failureMessages":[],"meta":{}},{"ancestorTitles":["admin placements route"],"fullName":"admin placements route calculates override rate from reviewed placements only","status":"passed","title":"calculates override rate from reviewed placements only","duration":2.737100000000055,"failureMessages":[],"meta":{}}],"startTime":1774892703512,"endTime":1774892703893.737,"status":"passed","message":"","name":"C:/Users/fasir/liberia-learn/__tests__/admin.placements.route.test.ts"},{"assertionResults":[{"ancestorTitles":["GET /api/admin/students — RBAC"],"fullName":"GET /api/admin/students — RBAC returns 401 for unauthenticated requests","status":"passed","title":"returns 401 for unauthenticated requests","duration":6.096199999999953,"failureMessages":[],"meta":{}},{"ancestorTitles":["GET /api/admin/students — RBAC"],"fullName":"GET /api/admin/students — RBAC returns 403 for TEACHER role","status":"passed","title":"returns 403 for TEACHER role","duration":0.8942999999999302,"failureMessages":[],"meta":{}},{"ancestorTitles":["GET /api/admin/students — tenant isolation"],"fullName":"GET /api/admin/students — tenant isolation scopes student query to admin's own schoolId","status":"passed","title":"scopes student query to admin's own schoolId","duration":3.971499999999992,"failureMessages":[],"meta":{}},{"ancestorTitles":["GET /api/admin/students — tenant isolation"],"fullName":"GET /api/admin/students — tenant isolation returns 400 when admin has no schoolId (null guard)","status":"passed","title":"returns 400 when admin has no schoolId (null guard)","duration":2.310100000000034,"failureMessages":[],"meta":{}},{"ancestorTitles":["GET /api/admin/students — audit logging"],"fullName":"GET /api/admin/students — audit logging calls logAudit on successful list","status":"passed","title":"calls logAudit on successful list","duration":1.2421000000000504,"failureMessages":[],"meta":{}},{"ancestorTitles":["GET /api/admin/students — audit logging"],"fullName":"GET /api/admin/students — audit logging audit log includes count of students returned","status":"passed","title":"audit log includes count of students returned","duration":1.2245000000000346,"failureMessages":[],"meta":{}},{"ancestorTitles":["GET /api/admin/students — audit logging"],"fullName":"GET /api/admin/students — audit logging does not call logAudit when admin has no schoolId","status":"passed","title":"does not call logAudit when admin has no schoolId","duration":0.4157000000000153,"failureMessages":[],"meta":{}},{"ancestorTitles":["GET /api/admin/students — audit logging"],"fullName":"GET /api/admin/students — audit logging logAudit is called with expected schoolId and userId","status":"passed","title":"logAudit is called with expected schoolId and userId","duration":0.6105999999999767,"failureMessages":[],"meta":{}},{"ancestorTitles":["GET /api/admin/students — response shape"],"fullName":"GET /api/admin/students — response shape returns 200 with students array","status":"passed","title":"returns 200 with students array","duration":1.6920999999999822,"failureMessages":[],"meta":{}},{"ancestorTitles":["GET /api/admin/students — response shape"],"fullName":"GET /api/admin/students — response shape student records include id, name, email","status":"passed","title":"student records include id, name, email","duration":1.0144000000000233,"failureMessages":[],"meta":{}},{"ancestorTitles":["GET /api/admin/students — response shape"],"fullName":"GET /api/admin/students — response shape response contains no cross-school student data (query scoped)","status":"passed","title":"response contains no cross-school student data (query scoped)","duration":0.5284000000000333,"failureMessages":[],"meta":{}}],"startTime":1774892747686,"endTime":1774892747706.5283,"status":"passed","message":"","name":"C:/Users/fasir/liberia-learn/__tests__/admin.students.audit.test.ts"},{"assertionResults":[{"ancestorTitles":["POST /api/admin/students"],"fullName":"POST /api/admin/students generates LBR-YYYY-CODE-SEQUENCE from school code and student count","status":"passed","title":"generates LBR-YYYY-CODE-SEQUENCE from school code and student count","duration":16.317499999999995,"failureMessages":[],"meta":{}},{"ancestorTitles":["POST /api/admin/students"],"fullName":"POST /api/admin/students increments the sequence when the next generated ID already exists","status":"passed","title":"increments the sequence when the next generated ID already exists","duration":1.6865000000000236,"failureMessages":[],"meta":{}},{"ancestorTitles":["POST /api/admin/students"],"fullName":"POST /api/admin/students returns 400 when the school has no configured code","status":"passed","title":"returns 400 when the school has no configured code","duration":1.801400000000001,"failureMessages":[],"meta":{}}],"startTime":1774892728828,"endTime":1774892728848.8015,"status":"passed","message":"","name":"C:/Users/fasir/liberia-learn/__tests__/admin.students.create.route.test.ts"},{"assertionResults":[{"ancestorTitles":["GET /api/admin/teachers"],"fullName":"GET /api/admin/teachers returns teacher roster rows with status and classes","status":"passed","title":"returns teacher roster rows with status and classes","duration":8.422000000000025,"failureMessages":[],"meta":{}},{"ancestorTitles":["POST /api/admin/teachers"],"fullName":"POST /api/admin/teachers creates a teacher and returns credentials payload","status":"passed","title":"creates a teacher and returns credentials payload","duration":8.331200000000024,"failureMessages":[],"meta":{}},{"ancestorTitles":["PATCH /api/admin/teachers"],"fullName":"PATCH /api/admin/teachers deactivates a teacher","status":"passed","title":"deactivates a teacher","duration":2.588700000000017,"failureMessages":[],"meta":{}},{"ancestorTitles":["PATCH /api/admin/teachers"],"fullName":"PATCH /api/admin/teachers resends invite by rotating the temp pin","status":"passed","title":"resends invite by rotating the temp pin","duration":1.488800000000026,"failureMessages":[],"meta":{}}],"startTime":1774892727705,"endTime":1774892727726.4888,"status":"passed","message":"","name":"C:/Users/fasir/liberia-learn/__tests__/admin.teachers.route.test.ts"},{"assertionResults":[{"ancestorTitles":["GET /api/admin/curriculum/textbook"],"fullName":"GET /api/admin/curriculum/textbook returns 404 when no units are found","status":"passed","title":"returns 404 when no units are found","duration":13.718600000000151,"failureMessages":[],"meta":{}},{"ancestorTitles":["GET /api/admin/curriculum/textbook"],"fullName":"GET /api/admin/curriculum/textbook returns PDF content-type on success","status":"passed","title":"returns PDF content-type on success","duration":3.3186000000000604,"failureMessages":[],"meta":{}},{"ancestorTitles":["GET /api/admin/curriculum/textbook"],"fullName":"GET /api/admin/curriculum/textbook gates the route when ENABLE_TEXTBOOK_COMPILER is disabled","status":"passed","title":"gates the route when ENABLE_TEXTBOOK_COMPILER is disabled","duration":1.4775999999999385,"failureMessages":[],"meta":{}},{"ancestorTitles":["GET /api/admin/curriculum/textbook"],"fullName":"GET /api/admin/curriculum/textbook calls audit log on successful textbook generation","status":"passed","title":"calls audit log on successful textbook generation","duration":1.4409999999998035,"failureMessages":[],"meta":{}}],"startTime":1774892765616,"endTime":1774892765636.441,"status":"passed","message":"","name":"C:/Users/fasir/liberia-learn/__tests__/admin.textbook.route.test.ts"},{"assertionResults":[{"ancestorTitles":["admin curriculum units route"],"fullName":"admin curriculum units route validates subject and gradeLevel on POST","status":"passed","title":"validates subject and gradeLevel on POST","duration":14.625400000000013,"failureMessages":[],"meta":{}},{"ancestorTitles":["admin curriculum units route"],"fullName":"admin curriculum units route rejects non-admin roles","status":"passed","title":"rejects non-admin roles","duration":0.8546000000000049,"failureMessages":[],"meta":{}},{"ancestorTitles":["admin curriculum units route"],"fullName":"admin curriculum units route returns scoped unit list results for the current school","status":"passed","title":"returns scoped unit list results for the current school","duration":5.1895000000000095,"failureMessages":[],"meta":{}},{"ancestorTitles":["admin curriculum units route"],"fullName":"admin curriculum units route gates the route when ENABLE_UNIT_ASSEMBLY is disabled","status":"passed","title":"gates the route when ENABLE_UNIT_ASSEMBLY is disabled","duration":1.0020000000000095,"failureMessages":[],"meta":{}}],"startTime":1774892739471,"endTime":1774892739493.002,"status":"passed","message":"","name":"C:/Users/fasir/liberia-learn/__tests__/admin.unit-assembly.route.test.ts"},{"assertionResults":[{"ancestorTitles":["AI citations"],"fullName":"AI citations returns teacher/admin citation metadata from retrieved chunk metadata","status":"passed","title":"returns teacher/admin citation metadata from retrieved chunk metadata","duration":9.47059999999999,"failureMessages":[],"meta":{}},{"ancestorTitles":["AI citations"],"fullName":"AI citations simplifies citations for student and guardian audiences","status":"passed","title":"simplifies citations for student and guardian audiences","duration":1.1282999999999674,"failureMessages":[],"meta":{}}],"startTime":1774892787279,"endTime":1774892787290.1284,"status":"passed","message":"","name":"C:/Users/fasir/liberia-learn/__tests__/ai.citations.test.ts"},{"assertionResults":[{"ancestorTitles":["recordAiCorrelation — correlation result"],"fullName":"recordAiCorrelation — correlation result classifies delta > 0.05 as 'improved'","status":"passed","title":"classifies delta > 0.05 as 'improved'","duration":2.8944999999999936,"failureMessages":[],"meta":{}},{"ancestorTitles":["recordAiCorrelation — correlation result"],"fullName":"recordAiCorrelation — correlation result classifies delta < -0.05 as 'declined'","status":"passed","title":"classifies delta < -0.05 as 'declined'","duration":0.47670000000005075,"failureMessages":[],"meta":{}},{"ancestorTitles":["recordAiCorrelation — correlation result"],"fullName":"recordAiCorrelation — correlation result classifies |delta| <= 0.05 as 'unchanged'","status":"passed","title":"classifies |delta| <= 0.05 as 'unchanged'","duration":0.3161000000000058,"failureMessages":[],"meta":{}},{"ancestorTitles":["recordAiCorrelation — correlation result"],"fullName":"recordAiCorrelation — correlation result classifies exact 0.05 delta as 'improved'","status":"passed","title":"classifies exact 0.05 delta as 'improved'","duration":0.28139999999996235,"failureMessages":[],"meta":{}},{"ancestorTitles":["recordAiCorrelation — no PII in payload"],"fullName":"recordAiCorrelation — no PII in payload does not include studentId in metric payload","status":"passed","title":"does not include studentId in metric payload","duration":1.2163999999999078,"failureMessages":[],"meta":{}},{"ancestorTitles":["recordAiCorrelation — no PII in payload"],"fullName":"recordAiCorrelation — no PII in payload does not include school name in payload","status":"passed","title":"does not include school name in payload","duration":0.3286000000000513,"failureMessages":[],"meta":{}},{"ancestorTitles":["recordAiCorrelation — no PII in payload"],"fullName":"recordAiCorrelation — no PII in payload includes only subject, strandKey, gradeBand, scoreDelta, correlationResult","status":"passed","title":"includes only subject, strandKey, gradeBand, scoreDelta, correlationResult","duration":5.940500000000043,"failureMessages":[],"meta":{}},{"ancestorTitles":["recordAiCorrelation — metric event shape"],"fullName":"recordAiCorrelation — metric event shape emits event named ai_tutor_correlation","status":"passed","title":"emits event named ai_tutor_correlation","duration":0.4438000000000102,"failureMessages":[],"meta":{}},{"ancestorTitles":["recordAiCorrelation — metric event shape"],"fullName":"recordAiCorrelation — metric event shape passes schoolId as scopeId","status":"passed","title":"passes schoolId as scopeId","duration":0.3263000000000602,"failureMessages":[],"meta":{}},{"ancestorTitles":["recordAiCorrelation — metric event shape"],"fullName":"recordAiCorrelation — metric event shape handles null schoolId gracefully","status":"passed","title":"handles null schoolId gracefully","duration":0.3746999999999616,"failureMessages":[],"meta":{}},{"ancestorTitles":["scheduleAiCorrelationCheck — fire-and-forget"],"fullName":"scheduleAiCorrelationCheck — fire-and-forget does not throw when recordMetricEvent fails","status":"passed","title":"does not throw when recordMetricEvent fails","duration":3.380899999999997,"failureMessages":[],"meta":{}},{"ancestorTitles":["scheduleAiCorrelationCheck — fire-and-forget"],"fullName":"scheduleAiCorrelationCheck — fire-and-forget calls recordMetricEvent in the background","status":"passed","title":"calls recordMetricEvent in the background","duration":12.728599999999915,"failureMessages":[],"meta":{}}],"startTime":1774892782213,"endTime":1774892782242.7285,"status":"passed","message":"","name":"C:/Users/fasir/liberia-learn/__tests__/ai.metrics.test.ts"},{"assertionResults":[{"ancestorTitles":["POST /api/teacher/assist — feature flag"],"fullName":"POST /api/teacher/assist — feature flag returns 404 when AI_TEACHER_ASSIST_ENABLED is false","status":"passed","title":"returns 404 when AI_TEACHER_ASSIST_ENABLED is false","duration":11.917900000000031,"failureMessages":[],"meta":{}},{"ancestorTitles":["POST /api/teacher/assist — valid response"],"fullName":"POST /api/teacher/assist — valid response returns reinforcementSuggestions array","status":"passed","title":"returns reinforcementSuggestions array","duration":5.483600000000024,"failureMessages":[],"meta":{}},{"ancestorTitles":["POST /api/teacher/assist — valid response"],"fullName":"POST /api/teacher/assist — valid response returns pacingSuggestion string","status":"passed","title":"returns pacingSuggestion string","duration":1.5014999999999645,"failureMessages":[],"meta":{}},{"ancestorTitles":["POST /api/teacher/assist — valid response"],"fullName":"POST /api/teacher/assist — valid response returns resourceHints array","status":"passed","title":"returns resourceHints array","duration":1.102100000000064,"failureMessages":[],"meta":{}},{"ancestorTitles":["POST /api/teacher/assist — valid response"],"fullName":"POST /api/teacher/assist — valid response generates suggestions when weakStrandKeys is non-empty","status":"passed","title":"generates suggestions when weakStrandKeys is non-empty","duration":2.0077,"failureMessages":[],"meta":{}},{"ancestorTitles":["POST /api/teacher/assist — no individual student data"],"fullName":"POST /api/teacher/assist — no individual student data prompt contains no studentId","status":"passed","title":"prompt contains no studentId","duration":1.7960000000000491,"failureMessages":[],"meta":{}},{"ancestorTitles":["POST /api/teacher/assist — no individual student data"],"fullName":"POST /api/teacher/assist — no individual student data prompt contains no school name or schoolId","status":"passed","title":"prompt contains no school name or schoolId","duration":1.036799999999971,"failureMessages":[],"meta":{}},{"ancestorTitles":["POST /api/teacher/assist — no individual student data"],"fullName":"POST /api/teacher/assist — no individual student data audit log details contain no student identifiers","status":"passed","title":"audit log details contain no student identifiers","duration":1.8401000000000067,"failureMessages":[],"meta":{}},{"ancestorTitles":["POST /api/teacher/assist — punitive language guardrail"],"fullName":"POST /api/teacher/assist — punitive language guardrail falls back when AI response contains punitive language","status":"passed","title":"falls back when AI response contains punitive language","duration":2.615000000000009,"failureMessages":[],"meta":{}},{"ancestorTitles":["POST /api/teacher/assist — punitive language guardrail"],"fullName":"POST /api/teacher/assist — punitive language guardrail fallback suggestions do not contain punitive language","status":"passed","title":"fallback suggestions do not contain punitive language","duration":1.9259999999999309,"failureMessages":[],"meta":{}},{"ancestorTitles":["POST /api/teacher/assist — fallback"],"fullName":"POST /api/teacher/assist — fallback returns 200 with hadFallback=true when AI throws","status":"passed","title":"returns 200 with hadFallback=true when AI throws","duration":1.1995999999999185,"failureMessages":[],"meta":{}},{"ancestorTitles":["POST /api/teacher/assist — fallback"],"fullName":"POST /api/teacher/assist — fallback returns 200 with hadFallback=true when AI returns invalid JSON","status":"passed","title":"returns 200 with hadFallback=true when AI returns invalid JSON","duration":0.7461999999999307,"failureMessages":[],"meta":{}},{"ancestorTitles":["POST /api/teacher/assist — rate limit"],"fullName":"POST /api/teacher/assist — rate limit returns 429 when daily limit is reached","status":"passed","title":"returns 429 when daily limit is reached","duration":0.3469000000000051,"failureMessages":[],"meta":{}},{"ancestorTitles":["POST /api/teacher/assist — auth"],"fullName":"POST /api/teacher/assist — auth returns 403 when user is not a teacher","status":"passed","title":"returns 403 when user is not a teacher","duration":0.39840000000003783,"failureMessages":[],"meta":{}},{"ancestorTitles":["POST /api/teacher/assist — audit log"],"fullName":"POST /api/teacher/assist — audit log writes audit log with correct action on success","status":"passed","title":"writes audit log with correct action on success","duration":2.8753999999998996,"failureMessages":[],"meta":{}},{"ancestorTitles":["POST /api/teacher/assist — input validation"],"fullName":"POST /api/teacher/assist — input validation returns 400 when subject is empty","status":"passed","title":"returns 400 when subject is empty","duration":0.5969000000000051,"failureMessages":[],"meta":{}},{"ancestorTitles":["POST /api/teacher/assist — input validation"],"fullName":"POST /api/teacher/assist — input validation caps weakStrandKeys at 10 items","status":"passed","title":"caps weakStrandKeys at 10 items","duration":0.5967999999999165,"failureMessages":[],"meta":{}}],"startTime":1774892716900,"endTime":1774892716940.5967,"status":"passed","message":"","name":"C:/Users/fasir/liberia-learn/__tests__/ai.teacher.assist.test.ts"},{"assertionResults":[{"ancestorTitles":["POST /api/student/tutor — feature flag"],"fullName":"POST /api/student/tutor — feature flag returns 404 when AI_TUTOR_ENABLED is false","status":"passed","title":"returns 404 when AI_TUTOR_ENABLED is false","duration":7.654899999999998,"failureMessages":[],"meta":{}},{"ancestorTitles":["POST /api/student/tutor — valid response"],"fullName":"POST /api/student/tutor — valid response returns structured response with all required fields","status":"passed","title":"returns structured response with all required fields","duration":2.7981999999999516,"failureMessages":[],"meta":{}},{"ancestorTitles":["POST /api/student/tutor — valid response"],"fullName":"POST /api/student/tutor — valid response calls routedCompletion with forceSmartTier=true","status":"passed","title":"calls routedCompletion with forceSmartTier=true","duration":4.159400000000005,"failureMessages":[],"meta":{}},{"ancestorTitles":["POST /api/student/tutor — PII guardrails"],"fullName":"POST /api/student/tutor — PII guardrails does not include studentId in the AI prompt messages","status":"passed","title":"does not include studentId in the AI prompt messages","duration":1.9243000000000166,"failureMessages":[],"meta":{}},{"ancestorTitles":["POST /api/student/tutor — PII guardrails"],"fullName":"POST /api/student/tutor — PII guardrails does not include school name or schoolId in the AI prompt","status":"passed","title":"does not include school name or schoolId in the AI prompt","duration":1.9440000000000737,"failureMessages":[],"meta":{}},{"ancestorTitles":["POST /api/student/tutor — PII guardrails"],"fullName":"POST /api/student/tutor — PII guardrails audit log details contain no studentId field","status":"passed","title":"audit log details contain no studentId field","duration":1.9305000000000518,"failureMessages":[],"meta":{}},{"ancestorTitles":["POST /api/student/tutor — PII guardrails"],"fullName":"POST /api/student/tutor — PII guardrails interaction log create contains no studentId field","status":"passed","title":"interaction log create contains no studentId field","duration":1.0643999999999778,"failureMessages":[],"meta":{}},{"ancestorTitles":["POST /api/student/tutor — audit log"],"fullName":"POST /api/student/tutor — audit log writes audit log with action=ai.tutor.requested on success","status":"passed","title":"writes audit log with action=ai.tutor.requested on success","duration":1.1609999999999445,"failureMessages":[],"meta":{}},{"ancestorTitles":["POST /api/student/tutor — audit log"],"fullName":"POST /api/student/tutor — audit log does not write audit log when feature flag is off","status":"passed","title":"does not write audit log when feature flag is off","duration":0.8967000000000098,"failureMessages":[],"meta":{}},{"ancestorTitles":["POST /api/student/tutor — rate limit"],"fullName":"POST /api/student/tutor — rate limit returns 429 when daily limit is reached","status":"passed","title":"returns 429 when daily limit is reached","duration":1.2368000000000166,"failureMessages":[],"meta":{}},{"ancestorTitles":["POST /api/student/tutor — rate limit"],"fullName":"POST /api/student/tutor — rate limit allows call when count is below limit","status":"passed","title":"allows call when count is below limit","duration":0.5760999999999967,"failureMessages":[],"meta":{}},{"ancestorTitles":["POST /api/student/tutor — budget cap"],"fullName":"POST /api/student/tutor — budget cap returns 503 when monthly spend >= cap","status":"passed","title":"returns 503 when monthly spend >= cap","duration":0.5774999999999864,"failureMessages":[],"meta":{}},{"ancestorTitles":["POST /api/student/tutor — budget cap"],"fullName":"POST /api/student/tutor — budget cap emits budget warning metric at 80% spend","status":"passed","title":"emits budget warning metric at 80% spend","duration":1.0477999999999383,"failureMessages":[],"meta":{}},{"ancestorTitles":["POST /api/student/tutor — fallback"],"fullName":"POST /api/student/tutor — fallback returns 200 with hadFallback=true when AI call throws","status":"passed","title":"returns 200 with hadFallback=true when AI call throws","duration":1.814799999999991,"failureMessages":[],"meta":{}},{"ancestorTitles":["POST /api/student/tutor — fallback"],"fullName":"POST /api/student/tutor — fallback returns 200 with hadFallback=true when AI returns invalid JSON","status":"passed","title":"returns 200 with hadFallback=true when AI returns invalid JSON","duration":0.7790999999999713,"failureMessages":[],"meta":{}},{"ancestorTitles":["POST /api/student/tutor — input validation"],"fullName":"POST /api/student/tutor — input validation returns 400 when subject is missing","status":"passed","title":"returns 400 when subject is missing","duration":0.5167000000000144,"failureMessages":[],"meta":{}},{"ancestorTitles":["POST /api/student/tutor — input validation"],"fullName":"POST /api/student/tutor — input validation returns 400 when strandKey is missing","status":"passed","title":"returns 400 when strandKey is missing","duration":0.36829999999997654,"failureMessages":[],"meta":{}},{"ancestorTitles":["POST /api/student/tutor — input validation"],"fullName":"POST /api/student/tutor — input validation defaults requestType to 'explain' for unknown value","status":"passed","title":"defaults requestType to 'explain' for unknown value","duration":0.4759000000000242,"failureMessages":[],"meta":{}}],"startTime":1774892722434,"endTime":1774892722466.4758,"status":"passed","message":"","name":"C:/Users/fasir/liberia-learn/__tests__/ai.tutor.test.ts"},{"assertionResults":[{"ancestorTitles":["handleApiError"],"fullName":"handleApiError returns 409 for Prisma P2002 (unique constraint)","status":"passed","title":"returns 409 for Prisma P2002 (unique constraint)","duration":19.996699999999976,"failureMessages":[],"meta":{}},{"ancestorTitles":["handleApiError"],"fullName":"handleApiError returns 404 for Prisma P2025 (record not found)","status":"passed","title":"returns 404 for Prisma P2025 (record not found)","duration":3.1514000000000237,"failureMessages":[],"meta":{}},{"ancestorTitles":["handleApiError"],"fullName":"handleApiError returns 400 for Prisma P2003 (foreign key constraint)","status":"passed","title":"returns 400 for Prisma P2003 (foreign key constraint)","duration":1.9770000000000323,"failureMessages":[],"meta":{}},{"ancestorTitles":["handleApiError"],"fullName":"handleApiError returns 422 for ZodError","status":"passed","title":"returns 422 for ZodError","duration":1.6178999999999633,"failureMessages":[],"meta":{}},{"ancestorTitles":["handleApiError"],"fullName":"handleApiError returns 401 for auth error with status 401","status":"passed","title":"returns 401 for auth error with status 401","duration":2.1720000000000255,"failureMessages":[],"meta":{}},{"ancestorTitles":["handleApiError"],"fullName":"handleApiError returns 403 for auth error with status 403","status":"passed","title":"returns 403 for auth error with status 403","duration":2.3041000000000054,"failureMessages":[],"meta":{}},{"ancestorTitles":["handleApiError"],"fullName":"handleApiError returns 500 for unknown Error without stack trace in response","status":"passed","title":"returns 500 for unknown Error without stack trace in response","duration":1.9290999999999485,"failureMessages":[],"meta":{}},{"ancestorTitles":["handleApiError"],"fullName":"handleApiError returns 500 for plain string error","status":"passed","title":"returns 500 for plain string error","duration":1.2223000000000184,"failureMessages":[],"meta":{}},{"ancestorTitles":["handleApiError"],"fullName":"handleApiError returns 500 for null/undefined","status":"passed","title":"returns 500 for null/undefined","duration":2.2404999999999973,"failureMessages":[],"meta":{}},{"ancestorTitles":["handleApiError"],"fullName":"handleApiError response body never contains raw PII fields","status":"passed","title":"response body never contains raw PII fields","duration":3.803299999999979,"failureMessages":[],"meta":{}},{"ancestorTitles":["handleApiError"],"fullName":"handleApiError logs error message server-side","status":"passed","title":"logs error message server-side","duration":3.499900000000025,"failureMessages":[],"meta":{}},{"ancestorTitles":["handleApiError"],"fullName":"handleApiError logs Prisma error message server-side","status":"passed","title":"logs Prisma error message server-side","duration":0.9744000000000028,"failureMessages":[],"meta":{}},{"ancestorTitles":["handleApiError"],"fullName":"handleApiError response always includes timestamp as ISO string","status":"passed","title":"response always includes timestamp as ISO string","duration":0.8793999999999755,"failureMessages":[],"meta":{}},{"ancestorTitles":["handleApiError"],"fullName":"handleApiError response always includes error and code fields","status":"passed","title":"response always includes error and code fields","duration":0.5478999999999701,"failureMessages":[],"meta":{}}],"startTime":1774892768201,"endTime":1774892768253.5479,"status":"passed","message":"","name":"C:/Users/fasir/liberia-learn/__tests__/apiErrorHandler.test.ts"},{"assertionResults":[{"ancestorTitles":["POST /api/teacher/schedule — assignment suggestion auto-creation"],"fullName":"POST /api/teacher/schedule — assignment suggestion auto-creation creates AssignmentSuggestion when exitTicket is present and flag is ON","status":"passed","title":"creates AssignmentSuggestion when exitTicket is present and flag is ON","duration":12.436900000000037,"failureMessages":[],"meta":{}},{"ancestorTitles":["POST /api/teacher/schedule — assignment suggestion auto-creation"],"fullName":"POST /api/teacher/schedule — assignment suggestion auto-creation does NOT create AssignmentSuggestion when linkage flag is OFF","status":"passed","title":"does NOT create AssignmentSuggestion when linkage flag is OFF","duration":2.327600000000075,"failureMessages":[],"meta":{}},{"ancestorTitles":["POST /api/teacher/schedule — assignment suggestion auto-creation"],"fullName":"POST /api/teacher/schedule — assignment suggestion auto-creation does NOT create AssignmentSuggestion when content has no exitTicket","status":"passed","title":"does NOT create AssignmentSuggestion when content has no exitTicket","duration":0.9822000000000344,"failureMessages":[],"meta":{}},{"ancestorTitles":["POST /api/teacher/schedule — assignment suggestion auto-creation"],"fullName":"POST /api/teacher/schedule — assignment suggestion auto-creation includes moeStandardCodes from moeAlignments in the suggestion","status":"passed","title":"includes moeStandardCodes from moeAlignments in the suggestion","duration":2.097599999999943,"failureMessages":[],"meta":{}},{"ancestorTitles":["POST /api/teacher/schedule — assignment suggestion auto-creation"],"fullName":"POST /api/teacher/schedule — assignment suggestion auto-creation sets suggestedDueDate to scheduledDate + 1 day","status":"passed","title":"sets suggestedDueDate to scheduledDate + 1 day","duration":1.4937999999999647,"failureMessages":[],"meta":{}},{"ancestorTitles":["POST /api/teacher/assignment-suggestions/[id]/accept"],"fullName":"POST /api/teacher/assignment-suggestions/[id]/accept returns 404 when flag is OFF","status":"passed","title":"returns 404 when flag is OFF","duration":1.161299999999983,"failureMessages":[],"meta":{}},{"ancestorTitles":["POST /api/teacher/assignment-suggestions/[id]/accept"],"fullName":"POST /api/teacher/assignment-suggestions/[id]/accept creates an Assignment and marks suggestion as accepted","status":"passed","title":"creates an Assignment and marks suggestion as accepted","duration":0.6115999999999531,"failureMessages":[],"meta":{}},{"ancestorTitles":["POST /api/teacher/assignment-suggestions/[id]/accept"],"fullName":"POST /api/teacher/assignment-suggestions/[id]/accept returns the created assignment in the response","status":"passed","title":"returns the created assignment in the response","duration":0.7594000000000278,"failureMessages":[],"meta":{}},{"ancestorTitles":["POST /api/teacher/assignment-suggestions/[id]/accept"],"fullName":"POST /api/teacher/assignment-suggestions/[id]/accept sets generationMethod=suggested on the created assignment","status":"passed","title":"sets generationMethod=suggested on the created assignment","duration":0.703899999999976,"failureMessages":[],"meta":{}},{"ancestorTitles":["POST /api/teacher/assignment-suggestions/[id]/accept"],"fullName":"POST /api/teacher/assignment-suggestions/[id]/accept returns 400 when suggestion is already accepted","status":"passed","title":"returns 400 when suggestion is already accepted","duration":1.1330000000000382,"failureMessages":[],"meta":{}},{"ancestorTitles":["POST /api/teacher/assignment-suggestions/[id]/accept"],"fullName":"POST /api/teacher/assignment-suggestions/[id]/accept returns 404 when suggestion belongs to a different school","status":"passed","title":"returns 404 when suggestion belongs to a different school","duration":0.6354000000000042,"failureMessages":[],"meta":{}},{"ancestorTitles":["POST /api/teacher/assignment-suggestions/[id]/accept"],"fullName":"POST /api/teacher/assignment-suggestions/[id]/accept calls logAudit with assignment.suggestion.accepted on success","status":"passed","title":"calls logAudit with assignment.suggestion.accepted on success","duration":0.5470000000000255,"failureMessages":[],"meta":{}},{"ancestorTitles":["POST /api/teacher/assignment-suggestions/[id]/dismiss"],"fullName":"POST /api/teacher/assignment-suggestions/[id]/dismiss returns 404 when flag is OFF","status":"passed","title":"returns 404 when flag is OFF","duration":0.46909999999991214,"failureMessages":[],"meta":{}},{"ancestorTitles":["POST /api/teacher/assignment-suggestions/[id]/dismiss"],"fullName":"POST /api/teacher/assignment-suggestions/[id]/dismiss marks suggestion as dismissed and returns { ok: true }","status":"passed","title":"marks suggestion as dismissed and returns { ok: true }","duration":0.45299999999997453,"failureMessages":[],"meta":{}},{"ancestorTitles":["POST /api/teacher/assignment-suggestions/[id]/dismiss"],"fullName":"POST /api/teacher/assignment-suggestions/[id]/dismiss returns 404 when suggestion belongs to a different school","status":"passed","title":"returns 404 when suggestion belongs to a different school","duration":0.3830000000000382,"failureMessages":[],"meta":{}},{"ancestorTitles":["POST /api/teacher/assignments/generate"],"fullName":"POST /api/teacher/assignments/generate returns 404 when ENABLE_AI_ASSIGNMENT_GENERATION flag is OFF","status":"passed","title":"returns 404 when ENABLE_AI_ASSIGNMENT_GENERATION flag is OFF","duration":0.8231999999999289,"failureMessages":[],"meta":{}},{"ancestorTitles":["POST /api/teacher/assignments/generate"],"fullName":"POST /api/teacher/assignments/generate returns a draft without saving to DB","status":"passed","title":"returns a draft without saving to DB","duration":0.8871000000000322,"failureMessages":[],"meta":{}},{"ancestorTitles":["POST /api/teacher/assignments/generate"],"fullName":"POST /api/teacher/assignments/generate draft includes title, questions, moeStandardCodes, contentId","status":"passed","title":"draft includes title, questions, moeStandardCodes, contentId","duration":0.635599999999954,"failureMessages":[],"meta":{}},{"ancestorTitles":["POST /api/teacher/assignments/generate"],"fullName":"POST /api/teacher/assignments/generate returns 400 when classId is missing","status":"passed","title":"returns 400 when classId is missing","duration":0.4533999999999878,"failureMessages":[],"meta":{}},{"ancestorTitles":["POST /api/teacher/assignments/generate"],"fullName":"POST /api/teacher/assignments/generate returns 400 when assignmentType is missing","status":"passed","title":"returns 400 when assignmentType is missing","duration":0.4329999999999927,"failureMessages":[],"meta":{}},{"ancestorTitles":["POST /api/teacher/assignments/generate"],"fullName":"POST /api/teacher/assignments/generate returns 403 when class belongs to a different school","status":"passed","title":"returns 403 when class belongs to a different school","duration":0.3209000000000515,"failureMessages":[],"meta":{}}],"startTime":1774892735300,"endTime":1774892735331.3208,"status":"passed","message":"","name":"C:/Users/fasir/liberia-learn/__tests__/assignment-linkage.test.ts"},{"assertionResults":[{"ancestorTitles":["assistant action routes"],"fullName":"assistant action routes allows teacher assignment draft generation for TEACHER","status":"passed","title":"allows teacher assignment draft generation for TEACHER","duration":12.058899999999994,"failureMessages":[],"meta":{}},{"ancestorTitles":["assistant action routes"],"fullName":"assistant action routes returns 401 when the action route is unauthenticated","status":"passed","title":"returns 401 when the action route is unauthenticated","duration":1.5897999999999683,"failureMessages":[],"meta":{}},{"ancestorTitles":["assistant action routes"],"fullName":"assistant action routes blocks teacher lesson improvement for non-teacher roles","status":"passed","title":"blocks teacher lesson improvement for non-teacher roles","duration":1.3591000000000122,"failureMessages":[],"meta":{}},{"ancestorTitles":["assistant action routes"],"fullName":"assistant action routes allows admin intervention draft generation for ADMIN","status":"passed","title":"allows admin intervention draft generation for ADMIN","duration":2.786399999999958,"failureMessages":[],"meta":{}},{"ancestorTitles":["assistant action routes"],"fullName":"assistant action routes allows student practice draft generation only for STUDENT","status":"passed","title":"allows student practice draft generation only for STUDENT","duration":2.196299999999951,"failureMessages":[],"meta":{}},{"ancestorTitles":["assistant action routes"],"fullName":"assistant action routes blocks guardian study plan generation for non-guardian roles","status":"passed","title":"blocks guardian study plan generation for non-guardian roles","duration":1.1902000000000044,"failureMessages":[],"meta":{}},{"ancestorTitles":["assistant action routes"],"fullName":"assistant action routes rejects student practice requests outside enrolled subjects","status":"passed","title":"rejects student practice requests outside enrolled subjects","duration":0.8038000000000238,"failureMessages":[],"meta":{}},{"ancestorTitles":["assistant action routes"],"fullName":"assistant action routes rejects guardian study plan requests outside linked student scope","status":"passed","title":"rejects guardian study plan requests outside linked student scope","duration":1.0003000000000384,"failureMessages":[],"meta":{}},{"ancestorTitles":["assistant action routes"],"fullName":"assistant action routes rejects guardian study plan requests that mix grade and subject across different linked students","status":"passed","title":"rejects guardian study plan requests that mix grade and subject across different linked students","duration":1.0910000000000082,"failureMessages":[],"meta":{}},{"ancestorTitles":["assistant action routes"],"fullName":"assistant action routes ignores client role for teacher draft generation","status":"passed","title":"ignores client role for teacher draft generation","duration":0.8248999999999569,"failureMessages":[],"meta":{}}],"startTime":1774892764442,"endTime":1774892764467.825,"status":"passed","message":"","name":"C:/Users/fasir/liberia-learn/__tests__/assistant.action.routes.test.ts"},{"assertionResults":[{"ancestorTitles":["Audit Gate 2 — Category 4: logAudit patch verification","POST /api/admin/curriculum/approve — logAudit includes schoolId"],"fullName":"Audit Gate 2 — Category 4: logAudit patch verification POST /api/admin/curriculum/approve — logAudit includes schoolId calls logAudit with schoolId on successful approval","status":"passed","title":"calls logAudit with schoolId on successful approval","duration":3442.9415999999997,"failureMessages":[],"meta":{}},{"ancestorTitles":["Audit Gate 2 — Category 4: logAudit patch verification","POST /api/admin/curriculum/approve — logAudit includes schoolId"],"fullName":"Audit Gate 2 — Category 4: logAudit patch verification POST /api/admin/curriculum/approve — logAudit includes schoolId logAudit is called before telemetry block — audit always runs","status":"passed","title":"logAudit is called before telemetry block — audit always runs","duration":3230.6358,"failureMessages":[],"meta":{}},{"ancestorTitles":["Audit Gate 2 — Category 4: logAudit patch verification","POST /api/admin/curriculum/reject — logAudit includes schoolId"],"fullName":"Audit Gate 2 — Category 4: logAudit patch verification POST /api/admin/curriculum/reject — logAudit includes schoolId calls logAudit with schoolId on successful rejection","status":"passed","title":"calls logAudit with schoolId on successful rejection","duration":24.250599999999395,"failureMessages":[],"meta":{}},{"ancestorTitles":["Audit Gate 2 — Category 4: logAudit patch verification","POST /api/admin/curriculum/reject — logAudit includes schoolId"],"fullName":"Audit Gate 2 — Category 4: logAudit patch verification POST /api/admin/curriculum/reject — logAudit includes schoolId includes hasRejectionReason in details when reason provided","status":"passed","title":"includes hasRejectionReason in details when reason provided","duration":8.966200000000754,"failureMessages":[],"meta":{}},{"ancestorTitles":["Audit Gate 2 — Category 4: logAudit patch verification","POST /api/admin/curriculum/reject — logAudit includes schoolId"],"fullName":"Audit Gate 2 — Category 4: logAudit patch verification POST /api/admin/curriculum/reject — logAudit includes schoolId hasRejectionReason is false when no reason provided","status":"passed","title":"hasRejectionReason is false when no reason provided","duration":2.401499999999942,"failureMessages":[],"meta":{}},{"ancestorTitles":["Audit Gate 2 — Category 4: logAudit patch verification","POST /api/admin/curriculum/units — logAudit on create"],"fullName":"Audit Gate 2 — Category 4: logAudit patch verification POST /api/admin/curriculum/units — logAudit on create calls logAudit with action admin.unit.assembled and schoolId","status":"passed","title":"calls logAudit with action admin.unit.assembled and schoolId","duration":23.628099999999904,"failureMessages":[],"meta":{}},{"ancestorTitles":["Audit Gate 2 — Category 4: logAudit patch verification","POST /api/admin/curriculum/units — logAudit on create"],"fullName":"Audit Gate 2 — Category 4: logAudit patch verification POST /api/admin/curriculum/units — logAudit on create returns 503 when ENABLE_UNIT_ASSEMBLY flag is OFF","status":"passed","title":"returns 503 when ENABLE_UNIT_ASSEMBLY flag is OFF","duration":3.0146999999997206,"failureMessages":[],"meta":{}},{"ancestorTitles":["Audit Gate 2 — Category 4: logAudit patch verification","POST /api/student/labs/[labId]/session — logAudit on start"],"fullName":"Audit Gate 2 — Category 4: logAudit patch verification POST /api/student/labs/[labId]/session — logAudit on start calls logAudit with action lab.session.start on successful start","status":"passed","title":"calls logAudit with action lab.session.start on successful start","duration":11.001599999999598,"failureMessages":[],"meta":{}},{"ancestorTitles":["Audit Gate 2 — Category 4: logAudit patch verification","POST /api/student/labs/[labId]/session — logAudit on start"],"fullName":"Audit Gate 2 — Category 4: logAudit patch verification POST /api/student/labs/[labId]/session — logAudit on start does NOT call logAudit when session already completed (returns early)","status":"passed","title":"does NOT call logAudit when session already completed (returns early)","duration":6.582600000001548,"failureMessages":[],"meta":{}},{"ancestorTitles":["Audit Gate 2 — Category 4: logAudit patch verification","POST /api/student/labs/[labId]/session — logAudit on start"],"fullName":"Audit Gate 2 — Category 4: logAudit patch verification POST /api/student/labs/[labId]/session — logAudit on start returns 404 when ENABLE_VIRTUAL_LABS flag is OFF","status":"passed","title":"returns 404 when ENABLE_VIRTUAL_LABS flag is OFF","duration":5.7379000000000815,"failureMessages":[],"meta":{}},{"ancestorTitles":["Audit Gate 2 — Category 4: logAudit patch verification","POST /api/student/labs/[labId]/session — logAudit on start"],"fullName":"Audit Gate 2 — Category 4: logAudit patch verification POST /api/student/labs/[labId]/session — logAudit on start returns 404 when no session exists for the student","status":"passed","title":"returns 404 when no session exists for the student","duration":1.3215999999993073,"failureMessages":[],"meta":{}},{"ancestorTitles":["Audit Gate 2 — Category 4: logAudit patch verification","PATCH /api/student/labs/sessions/[sessionId] — logAudit on complete/update"],"fullName":"Audit Gate 2 — Category 4: logAudit patch verification PATCH /api/student/labs/sessions/[sessionId] — logAudit on complete/update calls logAudit with action lab.session.complete when completing with score","status":"passed","title":"calls logAudit with action lab.session.complete when completing with score","duration":9.020200000000841,"failureMessages":[],"meta":{}},{"ancestorTitles":["Audit Gate 2 — Category 4: logAudit patch verification","PATCH /api/student/labs/sessions/[sessionId] — logAudit on complete/update"],"fullName":"Audit Gate 2 — Category 4: logAudit patch verification PATCH /api/student/labs/sessions/[sessionId] — logAudit on complete/update calls logAudit with action lab.session.update for partial update (no score/completedAt)","status":"passed","title":"calls logAudit with action lab.session.update for partial update (no score/completedAt)","duration":7.568100000000413,"failureMessages":[],"meta":{}},{"ancestorTitles":["Audit Gate 2 — Category 4: logAudit patch verification","PATCH /api/student/labs/sessions/[sessionId] — logAudit on complete/update"],"fullName":"Audit Gate 2 — Category 4: logAudit patch verification PATCH /api/student/labs/sessions/[sessionId] — logAudit on complete/update returns 403 when session belongs to a different student","status":"passed","title":"returns 403 when session belongs to a different student","duration":5.154000000000451,"failureMessages":[],"meta":{}},{"ancestorTitles":["Audit Gate 2 — Category 4: logAudit patch verification","PATCH /api/student/labs/sessions/[sessionId] — logAudit on complete/update"],"fullName":"Audit Gate 2 — Category 4: logAudit patch verification PATCH /api/student/labs/sessions/[sessionId] — logAudit on complete/update returns 403 when session belongs to a different school","status":"passed","title":"returns 403 when session belongs to a different school","duration":4.629399999999805,"failureMessages":[],"meta":{}},{"ancestorTitles":["Audit Gate 2 — Category 4: logAudit patch verification","PATCH /api/student/labs/sessions/[sessionId] — logAudit on complete/update"],"fullName":"Audit Gate 2 — Category 4: logAudit patch verification PATCH /api/student/labs/sessions/[sessionId] — logAudit on complete/update returns 404 when ENABLE_VIRTUAL_LABS flag is OFF","status":"passed","title":"returns 404 when ENABLE_VIRTUAL_LABS flag is OFF","duration":15.174199999999473,"failureMessages":[],"meta":{}},{"ancestorTitles":["Audit Gate 2 — Category 5: Feature flag OFF returns 404","GET /api/teacher/curriculum/units — flag OFF"],"fullName":"Audit Gate 2 — Category 5: Feature flag OFF returns 404 GET /api/teacher/curriculum/units — flag OFF returns 404 and never calls requireRole when flag is OFF","status":"passed","title":"returns 404 and never calls requireRole when flag is OFF","duration":8.891999999999825,"failureMessages":[],"meta":{}},{"ancestorTitles":["Audit Gate 2 — Category 5: Feature flag OFF returns 404","GET /api/teacher/curriculum/units — flag OFF"],"fullName":"Audit Gate 2 — Category 5: Feature flag OFF returns 404 GET /api/teacher/curriculum/units — flag OFF returns JSON error body","status":"passed","title":"returns JSON error body","duration":10.89980000000105,"failureMessages":[],"meta":{}},{"ancestorTitles":["Audit Gate 2 — Category 5: Feature flag OFF returns 404","POST /api/admin/curriculum/units — flag OFF"],"fullName":"Audit Gate 2 — Category 5: Feature flag OFF returns 404 POST /api/admin/curriculum/units — flag OFF returns 503 (not 500) when ENABLE_UNIT_ASSEMBLY is OFF","status":"passed","title":"returns 503 (not 500) when ENABLE_UNIT_ASSEMBLY is OFF","duration":2.729699999999866,"failureMessages":[],"meta":{}},{"ancestorTitles":["Audit Gate 2 — Category 5: Feature flag OFF returns 404","POST /api/student/labs/[labId]/session — flag OFF"],"fullName":"Audit Gate 2 — Category 5: Feature flag OFF returns 404 POST /api/student/labs/[labId]/session — flag OFF returns 404 (not 500) when ENABLE_VIRTUAL_LABS is OFF","status":"passed","title":"returns 404 (not 500) when ENABLE_VIRTUAL_LABS is OFF","duration":9.281300000000556,"failureMessages":[],"meta":{}},{"ancestorTitles":["Audit Gate 2 — Category 5: Feature flag OFF returns 404","PATCH /api/student/labs/sessions/[sessionId] — flag OFF"],"fullName":"Audit Gate 2 — Category 5: Feature flag OFF returns 404 PATCH /api/student/labs/sessions/[sessionId] — flag OFF returns 404 (not 500) when ENABLE_VIRTUAL_LABS is OFF","status":"passed","title":"returns 404 (not 500) when ENABLE_VIRTUAL_LABS is OFF","duration":1.28479999999945,"failureMessages":[],"meta":{}},{"ancestorTitles":["Audit Gate 2 — Category 2: RBAC enforcement","POST /api/admin/curriculum/units — requires ADMIN role"],"fullName":"Audit Gate 2 — Category 2: RBAC enforcement POST /api/admin/curriculum/units — requires ADMIN role returns 403 when a STUDENT tries to access the admin units route","status":"passed","title":"returns 403 when a STUDENT tries to access the admin units route","duration":18.579099999999016,"failureMessages":[],"meta":{}},{"ancestorTitles":["Audit Gate 2 — Category 2: RBAC enforcement","PATCH /api/student/labs/sessions/[sessionId] — requires STUDENT role"],"fullName":"Audit Gate 2 — Category 2: RBAC enforcement PATCH /api/student/labs/sessions/[sessionId] — requires STUDENT role returns 403 when a TEACHER tries to complete a student lab session","status":"passed","title":"returns 403 when a TEACHER tries to complete a student lab session","duration":2.2461999999995896,"failureMessages":[],"meta":{}},{"ancestorTitles":["Audit Gate 2 — Category 1: Tenant isolation","POST /api/admin/curriculum/units — scoped to user.schoolId"],"fullName":"Audit Gate 2 — Category 1: Tenant isolation POST /api/admin/curriculum/units — scoped to user.schoolId passes schoolId from the authenticated user into unit assembly","status":"passed","title":"passes schoolId from the authenticated user into unit assembly","duration":72.70939999999973,"failureMessages":[],"meta":{}},{"ancestorTitles":["Audit Gate 2 — Category 1: Tenant isolation","PATCH /api/student/labs/sessions/[sessionId] — rejects cross-school access"],"fullName":"Audit Gate 2 — Category 1: Tenant isolation PATCH /api/student/labs/sessions/[sessionId] — rejects cross-school access returns 403 when session schoolId does not match student schoolId","status":"passed","title":"returns 403 when session schoolId does not match student schoolId","duration":8.787200000000666,"failureMessages":[],"meta":{}},{"ancestorTitles":["Audit Gate 2 — Category 3: PII governance","POST /api/admin/curriculum/approve — no PII in response"],"fullName":"Audit Gate 2 — Category 3: PII governance POST /api/admin/curriculum/approve — no PII in response response contains only ok, contentId, status — no student or user data","status":"passed","title":"response contains only ok, contentId, status — no student or user data","duration":3055.0478999999996,"failureMessages":[],"meta":{}},{"ancestorTitles":["Audit Gate 2 — Category 3: PII governance","PATCH /api/student/labs/sessions/[sessionId] — response has no cross-student data"],"fullName":"Audit Gate 2 — Category 3: PII governance PATCH /api/student/labs/sessions/[sessionId] — response has no cross-student data returns only the updated session fields — no other students' data","status":"passed","title":"returns only the updated session fields — no other students' data","duration":17.600800000000163,"failureMessages":[],"meta":{}}],"startTime":1774892659845,"endTime":1774892669945.6008,"status":"passed","message":"","name":"C:/Users/fasir/liberia-learn/__tests__/audit-gate-2-patches.test.ts"},{"assertionResults":[{"ancestorTitles":["audit immutability"],"fullName":"audit immutability logAudit creates a new record","status":"passed","title":"logAudit creates a new record","duration":17.353999999999985,"failureMessages":[],"meta":{}},{"ancestorTitles":["audit immutability"],"fullName":"audit immutability prisma middleware blocks AuditLog delete","status":"passed","title":"prisma middleware blocks AuditLog delete","duration":8.250699999999995,"failureMessages":[],"meta":{}},{"ancestorTitles":["audit immutability"],"fullName":"audit immutability prisma middleware blocks AuditLog update","status":"passed","title":"prisma middleware blocks AuditLog update","duration":7.4769000000000005,"failureMessages":[],"meta":{}},{"ancestorTitles":["audit immutability"],"fullName":"audit immutability blocks are bypassed when flag is off","status":"passed","title":"blocks are bypassed when flag is off","duration":6.245999999999981,"failureMessages":[],"meta":{}}],"startTime":1774892749429,"endTime":1774892749468.246,"status":"passed","message":"","name":"C:/Users/fasir/liberia-learn/__tests__/audit-immutability.test.ts"},{"assertionResults":[{"ancestorTitles":["logAudit"],"fullName":"logAudit creates an audit log entry","status":"passed","title":"creates an audit log entry","duration":9.452200000000005,"failureMessages":[],"meta":{}},{"ancestorTitles":["logAudit"],"fullName":"logAudit handles null userId gracefully","status":"passed","title":"handles null userId gracefully","duration":0.7018000000000484,"failureMessages":[],"meta":{}},{"ancestorTitles":["logAudit"],"fullName":"logAudit does not throw on error","status":"passed","title":"does not throw on error","duration":8.185400000000016,"failureMessages":[],"meta":{}}],"startTime":1774892770878,"endTime":1774892770896.1853,"status":"passed","message":"","name":"C:/Users/fasir/liberia-learn/__tests__/audit.test.ts"},{"assertionResults":[{"ancestorTitles":["auth helpers"],"fullName":"auth helpers requireUser throws 401 when no session","status":"passed","title":"requireUser throws 401 when no session","duration":26.30830000000003,"failureMessages":[],"meta":{}},{"ancestorTitles":["auth helpers"],"fullName":"auth helpers requireRole returns user when session is valid and role matches","status":"passed","title":"requireRole returns user when session is valid and role matches","duration":0.7151000000000067,"failureMessages":[],"meta":{}},{"ancestorTitles":["auth helpers"],"fullName":"auth helpers requireRole throws 403 when role does not match","status":"passed","title":"requireRole throws 403 when role does not match","duration":0.5497000000000298,"failureMessages":[],"meta":{}},{"ancestorTitles":["auth helpers"],"fullName":"auth helpers requireUser denies stale sessions after password change","status":"passed","title":"requireUser denies stale sessions after password change","duration":0.5840999999999781,"failureMessages":[],"meta":{}},{"ancestorTitles":["auth helpers"],"fullName":"auth helpers authorizes student ID plus PIN","status":"passed","title":"authorizes student ID plus PIN","duration":3.9424000000000206,"failureMessages":[],"meta":{}},{"ancestorTitles":["auth helpers"],"fullName":"auth helpers authorizes guardian phone plus PIN","status":"passed","title":"authorizes guardian phone plus PIN","duration":1.7210999999999785,"failureMessages":[],"meta":{}}],"startTime":1774892759927,"endTime":1774892759960.7212,"status":"passed","message":"","name":"C:/Users/fasir/liberia-learn/__tests__/auth.test.ts"},{"assertionResults":[{"ancestorTitles":["GET /api/admin/compliance/audit-log — feature flags"],"fullName":"GET /api/admin/compliance/audit-log — feature flags returns 503 when circuit breaker is tripped","status":"passed","title":"returns 503 when circuit breaker is tripped","duration":10.959699999999998,"failureMessages":[],"meta":{}},{"ancestorTitles":["GET /api/admin/compliance/audit-log — feature flags"],"fullName":"GET /api/admin/compliance/audit-log — feature flags returns 403 when audit search is disabled","status":"passed","title":"returns 403 when audit search is disabled","duration":1.3739000000000487,"failureMessages":[],"meta":{}},{"ancestorTitles":["GET /api/admin/compliance/audit-log — RBAC"],"fullName":"GET /api/admin/compliance/audit-log — RBAC returns 403 for TEACHER role","status":"passed","title":"returns 403 for TEACHER role","duration":0.9885000000000446,"failureMessages":[],"meta":{}},{"ancestorTitles":["GET /api/admin/compliance/audit-log — RBAC"],"fullName":"GET /api/admin/compliance/audit-log — RBAC returns 401 for unauthenticated request","status":"passed","title":"returns 401 for unauthenticated request","duration":0.9844999999999118,"failureMessages":[],"meta":{}},{"ancestorTitles":["GET /api/admin/compliance/audit-log — tenant isolation"],"fullName":"GET /api/admin/compliance/audit-log — tenant isolation non-platform admin query is scoped to own schoolId","status":"passed","title":"non-platform admin query is scoped to own schoolId","duration":5.620999999999981,"failureMessages":[],"meta":{}},{"ancestorTitles":["GET /api/admin/compliance/audit-log — tenant isolation"],"fullName":"GET /api/admin/compliance/audit-log — tenant isolation non-platform admin cannot override schoolId via query param","status":"passed","title":"non-platform admin cannot override schoolId via query param","duration":2.03570000000002,"failureMessages":[],"meta":{}},{"ancestorTitles":["GET /api/admin/compliance/audit-log — tenant isolation"],"fullName":"GET /api/admin/compliance/audit-log — tenant isolation platform admin can query all schools (no schoolId filter by default)","status":"passed","title":"platform admin can query all schools (no schoolId filter by default)","duration":1.6924000000000206,"failureMessages":[],"meta":{}},{"ancestorTitles":["GET /api/admin/compliance/audit-log — tenant isolation"],"fullName":"GET /api/admin/compliance/audit-log — tenant isolation platform admin can filter by specific schoolId","status":"passed","title":"platform admin can filter by specific schoolId","duration":1.1723000000000638,"failureMessages":[],"meta":{}},{"ancestorTitles":["GET /api/admin/compliance/audit-log — JSON shape"],"fullName":"GET /api/admin/compliance/audit-log — JSON shape returns correct pagination shape","status":"passed","title":"returns correct pagination shape","duration":2.322900000000004,"failureMessages":[],"meta":{}},{"ancestorTitles":["GET /api/admin/compliance/audit-log — JSON shape"],"fullName":"GET /api/admin/compliance/audit-log — JSON shape returns page 2 when requested","status":"passed","title":"returns page 2 when requested","duration":1.7598999999999023,"failureMessages":[],"meta":{}},{"ancestorTitles":["GET /api/admin/compliance/audit-log — JSON shape"],"fullName":"GET /api/admin/compliance/audit-log — JSON shape applies action filter to where clause","status":"passed","title":"applies action filter to where clause","duration":1.1829000000000178,"failureMessages":[],"meta":{}},{"ancestorTitles":["GET /api/admin/compliance/audit-log — JSON shape"],"fullName":"GET /api/admin/compliance/audit-log — JSON shape applies resourceType filter","status":"passed","title":"applies resourceType filter","duration":1.1179999999999382,"failureMessages":[],"meta":{}},{"ancestorTitles":["GET /api/admin/compliance/audit-log — CSV export"],"fullName":"GET /api/admin/compliance/audit-log — CSV export returns CSV when format=csv","status":"passed","title":"returns CSV when format=csv","duration":2.434400000000096,"failureMessages":[],"meta":{}},{"ancestorTitles":["GET /api/admin/compliance/audit-log — CSV export"],"fullName":"GET /api/admin/compliance/audit-log — CSV export CSV response body contains header row","status":"passed","title":"CSV response body contains header row","duration":1.4531999999999243,"failureMessages":[],"meta":{}},{"ancestorTitles":["GET /api/admin/compliance/audit-log — CSV export"],"fullName":"GET /api/admin/compliance/audit-log — CSV export logs audit for CSV export","status":"passed","title":"logs audit for CSV export","duration":1.2817000000000007,"failureMessages":[],"meta":{}}],"startTime":1774892741385,"endTime":1774892741422.2817,"status":"passed","message":"","name":"C:/Users/fasir/liberia-learn/__tests__/compliance-audit.test.ts"},{"assertionResults":[{"ancestorTitles":["AI cost tracking"],"fullName":"AI cost tracking derives tokensUsed and estimatedCost from actual provider usage fields","status":"passed","title":"derives tokensUsed and estimatedCost from actual provider usage fields","duration":5.077200000000005,"failureMessages":[],"meta":{}},{"ancestorTitles":["AI cost tracking"],"fullName":"AI cost tracking aggregates totalTokens, totalCost, and costPerEndpoint on the admin surface","status":"passed","title":"aggregates totalTokens, totalCost, and costPerEndpoint on the admin surface","duration":7.1387999999999465,"failureMessages":[],"meta":{}}],"startTime":1774892788791,"endTime":1774892788803.139,"status":"passed","message":"","name":"C:/Users/fasir/liberia-learn/__tests__/cost.tracking.test.ts"},{"assertionResults":[{"ancestorTitles":["credential delivery route"],"fullName":"credential delivery route returns confirmation when SMS is sent","status":"passed","title":"returns confirmation when SMS is sent","duration":9.30880000000002,"failureMessages":[],"meta":{}},{"ancestorTitles":["credential delivery route"],"fullName":"credential delivery route returns a print fallback error when no phone exists","status":"passed","title":"returns a print fallback error when no phone exists","duration":0.89549999999997,"failureMessages":[],"meta":{}},{"ancestorTitles":["credential card page + homepage"],"fullName":"credential card page + homepage renders print layout with name, ID, PIN, and website","status":"passed","title":"renders print layout with name, ID, PIN, and website","duration":4.599199999999996,"failureMessages":[],"meta":{}},{"ancestorTitles":["credential card page + homepage"],"fullName":"credential card page + homepage homepage exposes the MOE login link","status":"passed","title":"homepage exposes the MOE login link","duration":5.921999999999912,"failureMessages":[],"meta":{}}],"startTime":1774892725697,"endTime":1774892725717.922,"status":"passed","message":"","name":"C:/Users/fasir/liberia-learn/__tests__/credential.delivery.test.tsx"},{"assertionResults":[{"ancestorTitles":["Gap 4: streaming CSV export — audit-log route"],"fullName":"Gap 4: streaming CSV export — audit-log route response body is a ReadableStream (streaming — not a plain string)","status":"passed","title":"response body is a ReadableStream (streaming — not a plain string)","duration":518.8168000000001,"failureMessages":[],"meta":{}},{"ancestorTitles":["Gap 4: streaming CSV export — audit-log route"],"fullName":"Gap 4: streaming CSV export — audit-log route first chunk includes CSV column header","status":"passed","title":"first chunk includes CSV column header","duration":7.796800000000076,"failureMessages":[],"meta":{}},{"ancestorTitles":["Gap 4: streaming CSV export — audit-log route"],"fullName":"Gap 4: streaming CSV export — audit-log route response rows include audit log data","status":"passed","title":"response rows include audit log data","duration":9.105499999999893,"failureMessages":[],"meta":{}},{"ancestorTitles":["Gap 4: streaming CSV export — audit-log route"],"fullName":"Gap 4: streaming CSV export — audit-log route makes multiple findMany calls when first chunk is exactly CHUNK_SIZE (pagination)","status":"passed","title":"makes multiple findMany calls when first chunk is exactly CHUNK_SIZE (pagination)","duration":18.003099999999904,"failureMessages":[],"meta":{}},{"ancestorTitles":["Gap 4: streaming CSV export — audit-log route"],"fullName":"Gap 4: streaming CSV export — audit-log route second DB fetch uses cursor from last row id of previous chunk","status":"passed","title":"second DB fetch uses cursor from last row id of previous chunk","duration":22.015499999999975,"failureMessages":[],"meta":{}},{"ancestorTitles":["Gap 4: streaming CSV export — audit-log route"],"fullName":"Gap 4: streaming CSV export — audit-log route stops after CSV_MAX_ROWS even if more data exists","status":"passed","title":"stops after CSV_MAX_ROWS even if more data exists","duration":76.04169999999999,"failureMessages":[],"meta":{}},{"ancestorTitles":["Gap 4: streaming CSV export — audit-log route"],"fullName":"Gap 4: streaming CSV export — audit-log route Content-Type is text/csv","status":"passed","title":"Content-Type is text/csv","duration":9.794599999999946,"failureMessages":[],"meta":{}},{"ancestorTitles":["Gap 4: streaming CSV export — audit-log route"],"fullName":"Gap 4: streaming CSV export — audit-log route Content-Disposition is attachment with .csv filename","status":"passed","title":"Content-Disposition is attachment with .csv filename","duration":4.641200000000026,"failureMessages":[],"meta":{}},{"ancestorTitles":["Gap 4: monthly report uses groupBy (no OOM from findMany)"],"fullName":"Gap 4: monthly report uses groupBy (no OOM from findMany) buildMonthlyReportExport calls groupBy — NOT findMany — for audit event counts","status":"passed","title":"buildMonthlyReportExport calls groupBy — NOT findMany — for audit event counts","duration":146.72870000000012,"failureMessages":[],"meta":{}},{"ancestorTitles":["Gap 4: monthly report uses groupBy (no OOM from findMany)"],"fullName":"Gap 4: monthly report uses groupBy (no OOM from findMany) byAction totals are derived from groupBy result","status":"passed","title":"byAction totals are derived from groupBy result","duration":3.427799999999934,"failureMessages":[],"meta":{}}],"startTime":1774892693867,"endTime":1774892694692.4277,"status":"passed","message":"","name":"C:/Users/fasir/liberia-learn/__tests__/csv-streaming.test.ts"},{"assertionResults":[{"ancestorTitles":["curriculum factory expansion"],"fullName":"curriculum factory expansion builds deterministic unit and lesson coverage for targeted gaps","status":"passed","title":"builds deterministic unit and lesson coverage for targeted gaps","duration":2428.6197,"failureMessages":[],"meta":{}},{"ancestorTitles":["curriculum factory expansion"],"fullName":"curriculum factory expansion creates retrieval-ready lesson records with answerable chunk inputs","status":"passed","title":"creates retrieval-ready lesson records with answerable chunk inputs","duration":4024.8532000000005,"failureMessages":[],"meta":{}},{"ancestorTitles":["curriculum factory expansion"],"fullName":"curriculum factory expansion summarizes media, lab, and simulation coverage","status":"passed","title":"summarizes media, lab, and simulation coverage","duration":3694.2543000000005,"failureMessages":[],"meta":{}},{"ancestorTitles":["curriculum factory expansion"],"fullName":"curriculum factory expansion validates concept graphs before content is ingest-ready","status":"passed","title":"validates concept graphs before content is ingest-ready","duration":1784.0671000000002,"failureMessages":[],"meta":{}},{"ancestorTitles":["curriculum factory expansion"],"fullName":"curriculum factory expansion flags missing or out-of-order prerequisite references","status":"passed","title":"flags missing or out-of-order prerequisite references","duration":1908.636700000001,"failureMessages":[],"meta":{}},{"ancestorTitles":["curriculum factory expansion"],"fullName":"curriculum factory expansion flags broken prerequisite references that do not exist anywhere in the unit","status":"passed","title":"flags broken prerequisite references that do not exist anywhere in the unit","duration":2673.8312000000005,"failureMessages":[],"meta":{}}],"startTime":1774892639660,"endTime":1774892656183.8313,"status":"passed","message":"","name":"C:/Users/fasir/liberia-learn/__tests__/curriculum.factory-expansion.test.ts"},{"assertionResults":[{"ancestorTitles":["generateCurriculumPayload — toneGuidance injection"],"fullName":"generateCurriculumPayload — toneGuidance injection injects grade 1 tone guidance into system prompt","status":"passed","title":"injects grade 1 tone guidance into system prompt","duration":10.679200000000037,"failureMessages":[],"meta":{}},{"ancestorTitles":["generateCurriculumPayload — toneGuidance injection"],"fullName":"generateCurriculumPayload — toneGuidance injection injects grade 6 tone guidance into system prompt","status":"passed","title":"injects grade 6 tone guidance into system prompt","duration":0.9069000000000074,"failureMessages":[],"meta":{}},{"ancestorTitles":["generateCurriculumPayload — toneGuidance injection"],"fullName":"generateCurriculumPayload — toneGuidance injection injects grade 9 tone guidance into system prompt","status":"passed","title":"injects grade 9 tone guidance into system prompt","duration":0.6994000000000256,"failureMessages":[],"meta":{}},{"ancestorTitles":["generateCurriculumPayload — toneGuidance injection"],"fullName":"generateCurriculumPayload — toneGuidance injection injects grade 12 tone guidance into system prompt","status":"passed","title":"injects grade 12 tone guidance into system prompt","duration":0.6030000000000086,"failureMessages":[],"meta":{}}],"startTime":1774892761660,"endTime":1774892761672.6995,"status":"passed","message":"","name":"C:/Users/fasir/liberia-learn/__tests__/curriculum.factory.tone.test.ts"},{"assertionResults":[{"ancestorTitles":["curriculum approve — telemetry"],"fullName":"curriculum approve — telemetry records approved telemetry when flag is enabled","status":"passed","title":"records approved telemetry when flag is enabled","duration":3529.039499999999,"failureMessages":[],"meta":{}},{"ancestorTitles":["curriculum approve — telemetry"],"fullName":"curriculum approve — telemetry does not record telemetry when flag is disabled","status":"passed","title":"does n
[...]
 no response leakage","duration":57.728200000000015,"failureMessages":[],"meta":{}},{"ancestorTitles":["Concurrency Guard 1 — Tenant isolation under concurrent requests"],"fullName":"Concurrency Guard 1 — Tenant isolation under concurrent requests concurrent schedule GETs from 10 different schools return only own-school data","status":"passed","title":"concurrent schedule GETs from 10 different schools return only own-school data","duration":62.98849999999993,"failureMessages":[],"meta":{}},{"ancestorTitles":["Concurrency Guard 1 — Tenant isolation under concurrent requests"],"fullName":"Concurrency Guard 1 — Tenant isolation under concurrent requests schedule GET scopes class query to user.schoolId — cannot see other school classes","status":"passed","title":"schedule GET scopes class query to user.schoolId — cannot see other school classes","duration":4.892399999999725,"failureMessages":[],"meta":{}},{"ancestorTitles":["Concurrency Guard 1 — Tenant isolation under concurrent requests"],"fullName":"Concurrency Guard 1 — Tenant isolation under concurrent requests POST /teacher/schedule verifies class belongs to teacher school — cross-school rejected","status":"passed","title":"POST /teacher/schedule verifies class belongs to teacher school — cross-school rejected","duration":4.234799999999723,"failureMessages":[],"meta":{}},{"ancestorTitles":["Concurrency Guard 1 — Tenant isolation under concurrent requests"],"fullName":"Concurrency Guard 1 — Tenant isolation under concurrent requests 10 concurrent POSTs from different schools each create their own scoped ScheduledWork","status":"passed","title":"10 concurrent POSTs from different schools each create their own scoped ScheduledWork","duration":15.621799999999894,"failureMessages":[],"meta":{}},{"ancestorTitles":["Concurrency Guard 2 — Same-school concurrent requests do not leak data"],"fullName":"Concurrency Guard 2 — Same-school concurrent requests do not leak data 5 teachers from the same school get independent schedule responses","status":"passed","title":"5 teachers from the same school get independent schedule responses","duration":7.8335000000001855,"failureMessages":[],"meta":{}},{"ancestorTitles":["Concurrency Guard 3 — Lab session race condition safety"],"fullName":"Concurrency Guard 3 — Lab session race condition safety two students starting the same lab simultaneously each get their own session","status":"passed","title":"two students starting the same lab simultaneously each get their own session","duration":2.916200000000117,"failureMessages":[],"meta":{}},{"ancestorTitles":["Concurrency Guard 3 — Lab session race condition safety"],"fullName":"Concurrency Guard 3 — Lab session race condition safety student cannot start another student's lab session (wrong studentId in WHERE clause)","status":"passed","title":"student cannot start another student's lab session (wrong studentId in WHERE clause)","duration":1.7447000000001935,"failureMessages":[],"meta":{}},{"ancestorTitles":["Concurrency Guard 3 — Lab session race condition safety"],"fullName":"Concurrency Guard 3 — Lab session race condition safety two concurrent teacher lab-link operations create separate LabSession sets","status":"passed","title":"two concurrent teacher lab-link operations create separate LabSession sets","duration":5.079099999999926,"failureMessages":[],"meta":{}},{"ancestorTitles":["Concurrency Guard 4 — sessionPairId uniqueness under concurrent scheduling"],"fullName":"Concurrency Guard 4 — sessionPairId uniqueness under concurrent scheduling 100 concurrent A/B schedule POSTs produce 100 unique sessionPairIds","status":"passed","title":"100 concurrent A/B schedule POSTs produce 100 unique sessionPairIds","duration":61.555399999999736,"failureMessages":[],"meta":{}},{"ancestorTitles":["Concurrency Guard 4 — sessionPairId uniqueness under concurrent scheduling"],"fullName":"Concurrency Guard 4 — sessionPairId uniqueness under concurrent scheduling sessionPairId is generated fresh per request using randomUUID — not shared across requests","status":"passed","title":"sessionPairId is generated fresh per request using randomUUID — not shared across requests","duration":6.949500000000171,"failureMessages":[],"meta":{}},{"ancestorTitles":["Concurrency Guard 4 — sessionPairId uniqueness under concurrent scheduling"],"fullName":"Concurrency Guard 4 — sessionPairId uniqueness under concurrent scheduling no A/B pairing occurs when flag is OFF — no sessionPairId generated","status":"passed","title":"no A/B pairing occurs when flag is OFF — no sessionPairId generated","duration":2.7465000000001965,"failureMessages":[],"meta":{}}],"startTime":1774892685044,"endTime":1774892685329.7466,"status":"passed","message":"","name":"C:/Users/fasir/liberia-learn/__tests__/load/concurrencyGuards.test.ts"},{"assertionResults":[{"ancestorTitles":["National Scale Smoke Test — 10 parallel school contexts"],"fullName":"National Scale Smoke Test — 10 parallel school contexts Step 1 — Schedule lesson: 10 schools each schedule independently","status":"passed","title":"Step 1 — Schedule lesson: 10 schools each schedule independently","duration":172.84829999999965,"failureMessages":[],"meta":{}},{"ancestorTitles":["National Scale Smoke Test — 10 parallel school contexts"],"fullName":"National Scale Smoke Test — 10 parallel school contexts Step 2 — Lab auto-link: teacher links lab for each school (no cross-school sessions)","status":"passed","title":"Step 2 — Lab auto-link: teacher links lab for each school (no cross-school sessions)","duration":147.4395000000004,"failureMessages":[],"meta":{}},{"ancestorTitles":["National Scale Smoke Test — 10 parallel school contexts"],"fullName":"National Scale Smoke Test — 10 parallel school contexts Step 3 — Student starts lab: 10 students across 10 schools start simultaneously","status":"passed","title":"Step 3 — Student starts lab: 10 students across 10 schools start simultaneously","duration":31.920599999999467,"failureMessages":[],"meta":{}},{"ancestorTitles":["National Scale Smoke Test — 10 parallel school contexts"],"fullName":"National Scale Smoke Test — 10 parallel school contexts Step 4 — Student completes lab: 10 completions with mastery update, no cross-school data","status":"passed","title":"Step 4 — Student completes lab: 10 completions with mastery update, no cross-school data","duration":94.07830000000104,"failureMessages":[],"meta":{}},{"ancestorTitles":["National Scale Smoke Test — 10 parallel school contexts"],"fullName":"National Scale Smoke Test — 10 parallel school contexts Step 5 — Teacher views delivery report: 10 schedule GETs with compliance data scoped","status":"passed","title":"Step 5 — Teacher views delivery report: 10 schedule GETs with compliance data scoped","duration":67.83689999999842,"failureMessages":[],"meta":{}},{"ancestorTitles":["National Scale Smoke Test — 10 parallel school contexts"],"fullName":"National Scale Smoke Test — 10 parallel school contexts Full flow — all 5 steps complete for 10 schools with no cross-contamination","status":"passed","title":"Full flow — all 5 steps complete for 10 schools with no cross-contamination","duration":208.09350000000086,"failureMessages":[],"meta":{}},{"ancestorTitles":["Load Harness — Tier simulations (mock handlers, no DB)"],"fullName":"Load Harness — Tier simulations (mock handlers, no DB) Tier 1 (100 schools): p95 teacher schedule < 800ms, student work < 500ms, error rate < 0.1%","status":"passed","title":"Tier 1 (100 schools): p95 teacher schedule < 800ms, student work < 500ms, error rate < 0.1%","duration":1386.3431,"failureMessages":[],"meta":{}},{"ancestorTitles":["Load Harness — Tier simulations (mock handlers, no DB)"],"fullName":"Load Harness — Tier simulations (mock handlers, no DB) Tier 2 (500 schools): p95 teacher schedule < 800ms, student work < 500ms, error rate < 0.1%","status":"passed","title":"Tier 2 (500 schools): p95 teacher schedule < 800ms, student work < 500ms, error rate < 0.1%","duration":10592.815700000003,"failureMessages":[],"meta":{}},{"ancestorTitles":["Load Harness — Tier simulations (mock handlers, no DB)"],"fullName":"Load Harness — Tier simulations (mock handlers, no DB) Tier 3 (1,000 schools — stretch): measures performance, reports result","status":"passed","title":"Tier 3 (1,000 schools — stretch): measures performance, reports result","duration":15478.367700000003,"failureMessages":[],"meta":{}},{"ancestorTitles":["Load Harness — Tier simulations (mock handlers, no DB)"],"fullName":"Load Harness — Tier simulations (mock handlers, no DB) Tier 4 (2,500 schools): \"national-scale\" synthetic benchmark warns on misses only","status":"passed","title":"Tier 4 (2,500 schools): \"national-scale\" synthetic benchmark warns on misses only","duration":21527.2575,"failureMessages":[],"meta":{}},{"ancestorTitles":["Load Harness — Tier simulations (mock handlers, no DB)"],"fullName":"Load Harness — Tier simulations (mock handlers, no DB) Tier 5 (5,000 schools): \"beyond-national-scale\" performance ceiling warns on misses only","status":"passed","title":"Tier 5 (5,000 schools): \"beyond-national-scale\" performance ceiling warns on misses only","duration":37630.64719999999,"failureMessages":[],"meta":{}},{"ancestorTitles":["Load Harness — Tier simulations (mock handlers, no DB)"],"fullName":"Load Harness — Tier simulations (mock handlers, no DB) Tier 6 (10,000 schools): \"stress-test informational only\" reports p95, p99, error rate, throughput","status":"passed","title":"Tier 6 (10,000 schools): \"stress-test informational only\" reports p95, p99, error rate, throughput","duration":69584.30189999999,"failureMessages":[],"meta":{}},{"ancestorTitles":["Load Harness — Tier simulations (mock handlers, no DB)"],"fullName":"Load Harness — Tier simulations (mock handlers, no DB) session generation produces correct counts for all tiers","status":"passed","title":"session generation produces correct counts for all tiers","duration":693.0896000000066,"failureMessages":[],"meta":{}},{"ancestorTitles":["Load Harness — Tier simulations (mock handlers, no DB)"],"fullName":"Load Harness — Tier simulations (mock handlers, no DB) percentile calculation is correct","status":"passed","title":"percentile calculation is correct","duration":3.7700000000186265,"failureMessages":[],"meta":{}},{"ancestorTitles":["Load Harness — Tier simulations (mock handlers, no DB)"],"fullName":"Load Harness — Tier simulations (mock handlers, no DB) error rate calculation is correct","status":"passed","title":"error rate calculation is correct","duration":3.1129000000073574,"failureMessages":[],"meta":{}}],"startTime":1774892621756,"endTime":1774892779404.1128,"status":"passed","message":"","name":"C:/Users/fasir/liberia-learn/__tests__/load/nationalScaleSmoke.test.ts"},{"assertionResults":[{"ancestorTitles":["RR-7 Offline Acceptance Harness"],"fullName":"RR-7 Offline Acceptance Harness Scenario 1: lesson completion is queued offline with pending status","status":"passed","title":"Scenario 1: lesson completion is queued offline with pending status","duration":6.8706000000000245,"failureMessages":[],"meta":{}},{"ancestorTitles":["RR-7 Offline Acceptance Harness"],"fullName":"RR-7 Offline Acceptance Harness Scenario 2: lab session update is queued offline with pending status","status":"passed","title":"Scenario 2: lab session update is queued offline with pending status","duration":1.25690000000003,"failureMessages":[],"meta":{}},{"ancestorTitles":["RR-7 Offline Acceptance Harness"],"fullName":"RR-7 Offline Acceptance Harness Scenario 3: lesson delivery is queued offline with pending status","status":"passed","title":"Scenario 3: lesson delivery is queued offline with pending status","duration":1.1266999999999712,"failureMessages":[],"meta":{}},{"ancestorTitles":["RR-7 Offline Acceptance Harness"],"fullName":"RR-7 Offline Acceptance Harness Scenario 4: multiple queued items drain in FIFO (createdAt) order","status":"passed","title":"Scenario 4: multiple queued items drain in FIFO (createdAt) order","duration":0.7259000000000242,"failureMessages":[],"meta":{}},{"ancestorTitles":["RR-7 Offline Acceptance Harness"],"fullName":"RR-7 Offline Acceptance Harness Scenario 5: re-enqueuing same opType + scheduledWorkId is idempotent (no duplicate, payload updated)","status":"passed","title":"Scenario 5: re-enqueuing same opType + scheduledWorkId is idempotent (no duplicate, payload updated)","duration":0.546100000000024,"failureMessages":[],"meta":{}},{"ancestorTitles":["RR-7 Offline Acceptance Harness"],"fullName":"RR-7 Offline Acceptance Harness Scenario 6: successful sync removes item from queue","status":"passed","title":"Scenario 6: successful sync removes item from queue","duration":1.0599000000000274,"failureMessages":[],"meta":{}},{"ancestorTitles":["RR-7 Offline Acceptance Harness"],"fullName":"RR-7 Offline Acceptance Harness Scenario 7: item becomes dead-letter after max failures and is excluded from ready queue","status":"passed","title":"Scenario 7: item becomes dead-letter after max failures and is excluded from ready queue","duration":1.5670000000000073,"failureMessages":[],"meta":{}},{"ancestorTitles":["RR-7 Offline Acceptance Harness"],"fullName":"RR-7 Offline Acceptance Harness Scenario 8: conflict detected → excluded from ready queue; retryConflicts resets to pending","status":"passed","title":"Scenario 8: conflict detected → excluded from ready queue; retryConflicts resets to pending","duration":0.9245999999999981,"failureMessages":[],"meta":{}}],"startTime":1774892761103,"endTime":1774892761117.9246,"status":"passed","message":"","name":"C:/Users/fasir/liberia-learn/__tests__/offline/offlineAcceptance.test.ts"},{"assertionResults":[{"ancestorTitles":["Gap 1: offline queue wiring","POST /api/student/work/[scheduledWorkId]/complete"],"fullName":"Gap 1: offline queue wiring POST /api/student/work/[scheduledWorkId]/complete returns 200 and enqueues a lesson.completed item","status":"passed","title":"returns 200 and enqueues a lesson.completed item","duration":296.8275000000001,"failureMessages":[],"meta":{}},{"ancestorTitles":["Gap 1: offline queue wiring","POST /api/student/work/[scheduledWorkId]/complete"],"fullName":"Gap 1: offline queue wiring POST /api/student/work/[scheduledWorkId]/complete enqueued item has userId in payload","status":"passed","title":"enqueued item has userId in payload","duration":3.354899999999816,"failureMessages":[],"meta":{}},{"ancestorTitles":["Gap 1: offline queue wiring","POST /api/student/work/[scheduledWorkId]/complete"],"fullName":"Gap 1: offline queue wiring POST /api/student/work/[scheduledWorkId]/complete enqueued item has completedAt in payload","status":"passed","title":"enqueued item has completedAt in payload","duration":3.9330999999999676,"failureMessages":[],"meta":{}},{"ancestorTitles":["Gap 1: offline queue wiring","POST /api/student/work/[scheduledWorkId]/complete"],"fullName":"Gap 1: offline queue wiring POST /api/student/work/[scheduledWorkId]/complete enqueuing is idempotent — re-completing does not duplicate queue entry","status":"passed","title":"enqueuing is idempotent — re-completing does not duplicate queue entry","duration":38.233600000000024,"failureMessages":[],"meta":{}},{"ancestorTitles":["Gap 1: offline queue wiring","POST /api/student/work/[scheduledWorkId]/complete"],"fullName":"Gap 1: offline queue wiring POST /api/student/work/[scheduledWorkId]/complete queue error does NOT cause route to return 500","status":"passed","title":"queue error does NOT cause route to return 500","duration":4.9099999999998545,"failureMessages":[],"meta":{}},{"ancestorTitles":["Gap 1: offline queue wiring","PATCH /api/student/labs/sessions/[sessionId]"],"fullName":"Gap 1: offline queue wiring PATCH /api/student/labs/sessions/[sessionId] returns 200 and enqueues a lab.session.update item","status":"passed","title":"returns 200 and enqueues a lab.session.update item","duration":7.978399999999965,"failureMessages":[],"meta":{}},{"ancestorTitles":["Gap 1: offline queue wiring","PATCH /api/student/labs/sessions/[sessionId]"],"fullName":"Gap 1: offline queue wiring PATCH /api/student/labs/sessions/[sessionId] enqueued item payload includes userId","status":"passed","title":"enqueued item payload includes userId","duration":1.3724999999999454,"failureMessages":[],"meta":{}},{"ancestorTitles":["Gap 1: offline queue wiring","PATCH /api/student/labs/sessions/[sessionId]"],"fullName":"Gap 1: offline queue wiring PATCH /api/student/labs/sessions/[sessionId] enqueuing is idempotent for same session","status":"passed","title":"enqueuing is idempotent for same session","duration":2.086799999999812,"failureMessages":[],"meta":{}},{"ancestorTitles":["Gap 1: offline queue wiring","PATCH /api/teacher/schedule/[id]/deliver"],"fullName":"Gap 1: offline queue wiring PATCH /api/teacher/schedule/[id]/deliver returns 200 and enqueues a lesson.delivered item","status":"passed","title":"returns 200 and enqueues a lesson.delivered item","duration":95.56960000000004,"failureMessages":[],"meta":{}},{"ancestorTitles":["Gap 1: offline queue wiring","PATCH /api/teacher/schedule/[id]/deliver"],"fullName":"Gap 1: offline queue wiring PATCH /api/teacher/schedule/[id]/deliver enqueued payload has teacherId and classId","status":"passed","title":"enqueued payload has teacherId and classId","duration":1.151399999999967,"failureMessages":[],"meta":{}},{"ancestorTitles":["Gap 1: offline queue wiring","PATCH /api/teacher/schedule/[id]/deliver"],"fullName":"Gap 1: offline queue wiring PATCH /api/teacher/schedule/[id]/deliver enqueuing is idempotent for same scheduled work","status":"passed","title":"enqueuing is idempotent for same scheduled work","duration":1.408100000000104,"failureMessages":[],"meta":{}}],"startTime":1774892676173,"endTime":1774892676632.4082,"status":"passed","message":"","name":"C:/Users/fasir/liberia-learn/__tests__/offline/queue-wiring.test.ts"},{"assertionResults":[{"ancestorTitles":["enqueueJob"],"fullName":"enqueueJob sends the job to SQS with group and deduplication ids","status":"passed","title":"sends the job to SQS with group and deduplication ids","duration":23.613999999999805,"failureMessages":[],"meta":{}},{"ancestorTitles":["enqueueJob"],"fullName":"enqueueJob skips enqueue when SQS_QUEUE_URL is missing","status":"passed","title":"skips enqueue when SQS_QUEUE_URL is missing","duration":5.515300000000025,"failureMessages":[],"meta":{}}],"startTime":1774892744416,"endTime":1774892744444.5154,"status":"passed","message":"","name":"C:/Users/fasir/liberia-learn/__tests__/worker/queue.test.ts"},{"assertionResults":[{"ancestorTitles":["handleSnapshotAnalyticsJob"],"fullName":"handleSnapshotAnalyticsJob writes daily analytics snapshots to primary and RDS clients","status":"passed","title":"writes daily analytics snapshots to primary and RDS clients","duration":3.6330999999999563,"failureMessages":[],"meta":{}},{"ancestorTitles":["handleSnapshotAnalyticsJob"],"fullName":"handleSnapshotAnalyticsJob logs RDS failures without failing the primary write","status":"passed","title":"logs RDS failures without failing the primary write","duration":4.0822,"failureMessages":[],"meta":{}}],"startTime":1774892789311,"endTime":1774892789319.0823,"status":"passed","message":"","name":"C:/Users/fasir/liberia-learn/__tests__/worker/handlers/analytics.test.ts"},{"assertionResults":[{"ancestorTitles":["handleSendSmsJob"],"fullName":"handleSendSmsJob sends SMS through the shared helper","status":"passed","title":"sends SMS through the shared helper","duration":5.971299999999928,"failureMessages":[],"meta":{}},{"ancestorTitles":["handleSendSmsJob"],"fullName":"handleSendSmsJob throws when the helper reports failure","status":"passed","title":"throws when the helper reports failure","duration":1.7421000000000504,"failureMessages":[],"meta":{}}],"startTime":1774892790830,"endTime":1774892790838.7422,"status":"passed","message":"","name":"C:/Users/fasir/liberia-learn/__tests__/worker/handlers/sms.test.ts"}]}